#
# There is insufficient memory for the Java Runtime Environment to continue.
# Native memory allocation (mmap) failed to map 83886080 bytes for committing reserved memory.
# Possible reasons:
#   The system is out of physical RAM or swap space
#   In 32 bit mode, the process size limit was hit
# Possible solutions:
#   Reduce memory load on the system
#   Increase physical memory or swap space
#   Check if swap backing store is full
#   Use 64 bit Java on a 64 bit OS
#   Decrease Java heap size (-Xmx/-Xms)
#   Decrease number of Java threads
#   Decrease Java thread stack sizes (-Xss)
#   Set larger code cache with -XX:ReservedCodeCacheSize=
# This output file may be truncated or incomplete.
#
#  Out of Memory Error (os_linux.cpp:2627), pid=22313, tid=139673490933504
#
# JRE version: Java(TM) SE Runtime Environment (8.0_66-b17) (build 1.8.0_66-b17)
# Java VM: Java HotSpot(TM) 64-Bit Server VM (25.66-b17 mixed mode linux-amd64 compressed oops)
# Failed to write core dump. Core dumps have been disabled. To enable core dumping, try "ulimit -c unlimited" before starting Java again
#

---------------  T H R E A D  ---------------

Current thread (0x00007f0854078000):  VMThread [stack: 0x00007f0844bfc000,0x00007f0844cfd000] [id=22323]

Stack: [0x00007f0844bfc000,0x00007f0844cfd000],  sp=0x00007f0844cfb0e0,  free space=1020k
Native frames: (J=compiled Java code, j=interpreted, Vv=VM code, C=native code)
V  [libjvm.so+0xab9a1a]  VMError::report_and_die()+0x2ba
V  [libjvm.so+0x4f9e0b]  report_vm_out_of_memory(char const*, int, unsigned long, VMErrorType, char const*)+0x8b
V  [libjvm.so+0x91a8a3]  os::Linux::commit_memory_impl(char*, unsigned long, bool)+0x103
V  [libjvm.so+0x91adf9]  os::pd_commit_memory(char*, unsigned long, unsigned long, bool)+0x29
V  [libjvm.so+0x91510a]  os::commit_memory(char*, unsigned long, unsigned long, bool)+0x2a
V  [libjvm.so+0x9887a3]  PSVirtualSpace::expand_by(unsigned long)+0x53
V  [libjvm.so+0x979090]  PSOldGen::expand(unsigned long)+0x170
V  [libjvm.so+0x97929b]  PSOldGen::resize(unsigned long)+0x1cb
V  [libjvm.so+0x980f71]  PSParallelCompact::invoke_no_policy(bool)+0x991
V  [libjvm.so+0x9868cd]  PSScavenge::invoke()+0x1ad
V  [libjvm.so+0x93e500]  ParallelScavengeHeap::failed_mem_allocate(unsigned long)+0x70
V  [libjvm.so+0xabb437]  VM_ParallelGCFailedAllocation::doit()+0x97
V  [libjvm.so+0xac2e65]  VM_Operation::evaluate()+0x55
V  [libjvm.so+0xac123a]  VMThread::evaluate_operation(VM_Operation*)+0xba
V  [libjvm.so+0xac15be]  VMThread::loop()+0x1ce
V  [libjvm.so+0xac1a30]  VMThread::run()+0x70
V  [libjvm.so+0x91cc68]  java_start(Thread*)+0x108

VM_Operation (0x00007f083daf8b70): ParallelGCFailedAllocation, mode: safepoint, requested by thread 0x00007f08541d7000


---------------  P R O C E S S  ---------------

Java Threads: ( => current thread )
  0x00007f08541de800 JavaThread "pool-2-thread-4" [_thread_blocked, id=22336, stack(0x00007f083d5f6000,0x00007f083d6f7000)]
  0x00007f08541dc800 JavaThread "pool-2-thread-3" [_thread_blocked, id=22335, stack(0x00007f083d6f7000,0x00007f083d7f8000)]
  0x00007f08541da800 JavaThread "pool-2-thread-2" [_thread_blocked, id=22334, stack(0x00007f083d7f8000,0x00007f083d8f9000)]
  0x00007f08541d9800 JavaThread "pool-3-thread-1" [_thread_blocked, id=22333, stack(0x00007f083d8f9000,0x00007f083d9fa000)]
  0x00007f08541d7000 JavaThread "pool-2-thread-1" [_thread_blocked, id=22332, stack(0x00007f083d9fa000,0x00007f083dafb000)]
  0x00007f08540cb000 JavaThread "Service Thread" daemon [_thread_blocked, id=22330, stack(0x00007f083dbfc000,0x00007f083dcfd000)]
  0x00007f08540be000 JavaThread "C1 CompilerThread2" daemon [_thread_blocked, id=22329, stack(0x00007f083dcfd000,0x00007f083ddfe000)]
  0x00007f08540bc800 JavaThread "C2 CompilerThread1" daemon [_thread_in_native, id=22328, stack(0x00007f083ddfe000,0x00007f083deff000)]
  0x00007f08540b9800 JavaThread "C2 CompilerThread0" daemon [_thread_blocked, id=22327, stack(0x00007f083deff000,0x00007f083e000000)]
  0x00007f08540b8000 JavaThread "Signal Dispatcher" daemon [_thread_blocked, id=22326, stack(0x00007f08440e6000,0x00007f08441e7000)]
  0x00007f085407f000 JavaThread "Finalizer" daemon [_thread_blocked, id=22325, stack(0x00007f08449fa000,0x00007f0844afb000)]
  0x00007f085407d000 JavaThread "Reference Handler" daemon [_thread_blocked, id=22324, stack(0x00007f0844afb000,0x00007f0844bfc000)]
  0x00007f085400a000 JavaThread "main" [_thread_blocked, id=22318, stack(0x00007f085d36a000,0x00007f085d46b000)]

Other Threads:
=>0x00007f0854078000 VMThread [stack: 0x00007f0844bfc000,0x00007f0844cfd000] [id=22323]
  0x00007f08540ce000 WatcherThread [stack: 0x00007f083dafb000,0x00007f083dbfc000] [id=22331]

VM state:at safepoint (normal execution)

VM Mutex/Monitor currently owned by a thread:  ([mutex/lock_event])
[0x00007f0854005d50] ExpandHeap_lock - owner thread: 0x00007f0854078000
[0x00007f08540063d0] Threads_lock - owner thread: 0x00007f0854078000
[0x00007f08540068d0] Heap_lock - owner thread: 0x00007f08541d7000

Heap:
 PSYoungGen      total 269824K, used 0K [0x00000000eab00000, 0x0000000100000000, 0x0000000100000000)
  eden space 190464K, 0% used [0x00000000eab00000,0x00000000eab00000,0x00000000f6500000)
  from space 79360K, 0% used [0x00000000f6500000,0x00000000f6500000,0x00000000fb280000)
  to   space 74240K, 0% used [0x00000000fb780000,0x00000000fb780000,0x0000000100000000)
 ParOldGen       total 198144K, used 191547K [0x00000000c0000000, 0x00000000cc180000, 0x00000000eab00000)
  object space 198144K, 96% used [0x00000000c0000000,0x00000000cbb0ec98,0x00000000cc180000)
 Metaspace       used 6532K, capacity 7320K, committed 7680K, reserved 1056768K
  class space    used 614K, capacity 656K, committed 768K, reserved 1048576K

Card table byte_map: [0x00007f0859f37000,0x00007f085a138000] byte_map_base: 0x00007f0859937000

Marking Bits: (ParMarkBitMap*) 0x00007f085c847020
 Begin Bits: [0x00007f083e000000, 0x00007f083f000000)
 End Bits:   [0x00007f083f000000, 0x00007f0840000000)

Polling page: 0x00007f085d48e000

CodeCache: size=245760Kb used=9780Kb max_used=9780Kb free=235979Kb
 bounds [0x00007f0845000000, 0x00007f08459a0000, 0x00007f0854000000]
 total_blobs=2644 nmethods=2375 adapters=182
 compilation: enabled

Compilation events (10 events):
Event: 30,495 Thread 0x00007f08540be000 2636   !   2       com.android.dx.rop.code.RegisterSpecSet::remove (30 bytes)
Event: 30,496 Thread 0x00007f08540be000 nmethod 2636 0x00007f0845977d90 code [0x00007f0845977f00, 0x00007f0845978168]
Event: 30,511 Thread 0x00007f08540be000 2638       3       sun.util.calendar.ZoneInfo::getTransitionIndex (156 bytes)
Event: 30,512 Thread 0x00007f08540be000 nmethod 2638 0x00007f0845977350 code [0x00007f08459774e0, 0x00007f08459779b0]
Event: 30,512 Thread 0x00007f08540be000 2639   !   3       com.android.dx.cf.direct.MemberListParser::parse (641 bytes)
Event: 30,523 Thread 0x00007f08540be000 nmethod 2639 0x00007f0845980050 code [0x00007f0845980c20, 0x00007f08459896d8]
Event: 30,523 Thread 0x00007f08540be000 2640  s    1       java.io.ByteArrayOutputStream::reset (6 bytes)
Event: 30,523 Thread 0x00007f08540be000 nmethod 2640 0x00007f0845992210 code [0x00007f0845992360, 0x00007f08459925d0]
Event: 30,523 Thread 0x00007f08540be000 2641       2       com.android.dx.cf.direct.StdAttributeFactory::runtimeInvisibleParameterAnnotations (44 bytes)
Event: 30,524 Thread 0x00007f08540be000 nmethod 2641 0x00007f0845992650 code [0x00007f0845992800, 0x00007f0845992b78]

GC Heap History (10 events):
Event: 27,014 GC heap after
Heap after GC invocations=12 (full 2):
 PSYoungGen      total 257536K, used 28048K [0x00000000eab00000, 0x0000000100000000, 0x0000000100000000)
  eden space 221696K, 0% used [0x00000000eab00000,0x00000000eab00000,0x00000000f8380000)
  from space 35840K, 78% used [0x00000000fb600000,0x00000000fd164278,0x00000000fd900000)
  to   space 51712K, 0% used [0x00000000f8380000,0x00000000f8380000,0x00000000fb600000)
 ParOldGen       total 132096K, used 77855K [0x00000000c0000000, 0x00000000c8100000, 0x00000000eab00000)
  object space 132096K, 58% used [0x00000000c0000000,0x00000000c4c07f80,0x00000000c8100000)
 Metaspace       used 6504K, capacity 7256K, committed 7424K, reserved 1056768K
  class space    used 614K, capacity 656K, committed 768K, reserved 1048576K
}
Event: 28,069 GC heap before
{Heap before GC invocations=13 (full 2):
 PSYoungGen      total 257536K, used 249744K [0x00000000eab00000, 0x0000000100000000, 0x0000000100000000)
  eden space 221696K, 100% used [0x00000000eab00000,0x00000000f8380000,0x00000000f8380000)
  from space 35840K, 78% used [0x00000000fb600000,0x00000000fd164278,0x00000000fd900000)
  to   space 51712K, 0% used [0x00000000f8380000,0x00000000f8380000,0x00000000fb600000)
 ParOldGen       total 132096K, used 77855K [0x00000000c0000000, 0x00000000c8100000, 0x00000000eab00000)
  object space 132096K, 58% used [0x00000000c0000000,0x00000000c4c07f80,0x00000000c8100000)
 Metaspace       used 6520K, capacity 7320K, committed 7680K, reserved 1056768K
  class space    used 614K, capacity 656K, committed 768K, reserved 1048576K
Event: 28,166 GC heap after
Heap after GC invocations=13 (full 2):
 PSYoungGen      total 273408K, used 51595K [0x00000000eab00000, 0x0000000100000000, 0x0000000100000000)
  eden space 221696K, 0% used [0x00000000eab00000,0x00000000eab00000,0x00000000f8380000)
  from space 51712K, 99% used [0x00000000f8380000,0x00000000fb5e2cd8,0x00000000fb600000)
  to   space 60928K, 0% used [0x00000000fc480000,0x00000000fc480000,0x0000000100000000)
 ParOldGen       total 132096K, used 86867K [0x00000000c0000000, 0x00000000c8100000, 0x00000000eab00000)
  object space 132096K, 65% used [0x00000000c0000000,0x00000000c54d4ed0,0x00000000c8100000)
 Metaspace       used 6520K, capacity 7320K, committed 7680K, reserved 1056768K
  class space    used 614K, capacity 656K, committed 768K, reserved 1048576K
}
Event: 28,816 GC heap before
{Heap before GC invocations=14 (full 2):
 PSYoungGen      total 273408K, used 273291K [0x00000000eab00000, 0x0000000100000000, 0x0000000100000000)
  eden space 221696K, 100% used [0x00000000eab00000,0x00000000f8380000,0x00000000f8380000)
  from space 51712K, 99% used [0x00000000f8380000,0x00000000fb5e2cd8,0x00000000fb600000)
  to   space 60928K, 0% used [0x00000000fc480000,0x00000000fc480000,0x0000000100000000)
 ParOldGen       total 132096K, used 86867K [0x00000000c0000000, 0x00000000c8100000, 0x00000000eab00000)
  object space 132096K, 65% used [0x00000000c0000000,0x00000000c54d4ed0,0x00000000c8100000)
 Metaspace       used 6528K, capacity 7320K, committed 7680K, reserved 1056768K
  class space    used 614K, capacity 656K, committed 768K, reserved 1048576K
Event: 29,105 GC heap after
Heap after GC invocations=14 (full 2):
 PSYoungGen      total 251392K, used 60901K [0x00000000eab00000, 0x0000000100000000, 0x0000000100000000)
  eden space 190464K, 0% used [0x00000000eab00000,0x00000000eab00000,0x00000000f6500000)
  from space 60928K, 99% used [0x00000000fc480000,0x00000000ffff9400,0x0000000100000000)
  to   space 79360K, 0% used [0x00000000f6500000,0x00000000f6500000,0x00000000fb280000)
 ParOldGen       total 132096K, used 107738K [0x00000000c0000000, 0x00000000c8100000, 0x00000000eab00000)
  object space 132096K, 81% used [0x00000000c0000000,0x00000000c69368a0,0x00000000c8100000)
 Metaspace       used 6528K, capacity 7320K, committed 7680K, reserved 1056768K
  class space    used 614K, capacity 656K, committed 768K, reserved 1048576K
}
Event: 29,105 GC heap before
{Heap before GC invocations=15 (full 3):
 PSYoungGen      total 251392K, used 60901K [0x00000000eab00000, 0x0000000100000000, 0x0000000100000000)
  eden space 190464K, 0% used [0x00000000eab00000,0x00000000eab00000,0x00000000f6500000)
  from space 60928K, 99% used [0x00000000fc480000,0x00000000ffff9400,0x0000000100000000)
  to   space 79360K, 0% used [0x00000000f6500000,0x00000000f6500000,0x00000000fb280000)
 ParOldGen       total 132096K, used 107738K [0x00000000c0000000, 0x00000000c8100000, 0x00000000eab00000)
  object space 132096K, 81% used [0x00000000c0000000,0x00000000c69368a0,0x00000000c8100000)
 Metaspace       used 6528K, capacity 7320K, committed 7680K, reserved 1056768K
  class space    used 614K, capacity 656K, committed 768K, reserved 1048576K
Event: 29,890 GC heap after
Heap after GC invocations=15 (full 3):
 PSYoungGen      total 251392K, used 33658K [0x00000000eab00000, 0x0000000100000000, 0x0000000100000000)
  eden space 190464K, 0% used [0x00000000eab00000,0x00000000eab00000,0x00000000f6500000)
  from space 60928K, 55% used [0x00000000fc480000,0x00000000fe55e968,0x0000000100000000)
  to   space 79360K, 0% used [0x00000000f6500000,0x00000000f6500000,0x00000000fb280000)
 ParOldGen       total 198144K, used 131845K [0x00000000c0000000, 0x00000000cc180000, 0x00000000eab00000)
  object space 198144K, 66% used [0x00000000c0000000,0x00000000c80c15b0,0x00000000cc180000)
 Metaspace       used 6528K, capacity 7320K, committed 7680K, reserved 1056768K
  class space    used 614K, capacity 656K, committed 768K, reserved 1048576K
}
Event: 30,526 GC heap before
{Heap before GC invocations=16 (full 3):
 PSYoungGen      total 251392K, used 224122K [0x00000000eab00000, 0x0000000100000000, 0x0000000100000000)
  eden space 190464K, 100% used [0x00000000eab00000,0x00000000f6500000,0x00000000f6500000)
  from space 60928K, 55% used [0x00000000fc480000,0x00000000fe55e968,0x0000000100000000)
  to   space 79360K, 0% used [0x00000000f6500000,0x00000000f6500000,0x00000000fb280000)
 ParOldGen       total 198144K, used 131845K [0x00000000c0000000, 0x00000000cc180000, 0x00000000eab00000)
  object space 198144K, 66% used [0x00000000c0000000,0x00000000c80c15b0,0x00000000cc180000)
 Metaspace       used 6532K, capacity 7320K, committed 7680K, reserved 1056768K
  class space    used 614K, capacity 656K, committed 768K, reserved 1048576K
Event: 30,680 GC heap after
Heap after GC invocations=16 (full 3):
 PSYoungGen      total 269824K, used 27726K [0x00000000eab00000, 0x0000000100000000, 0x0000000100000000)
  eden space 190464K, 0% used [0x00000000eab00000,0x00000000eab00000,0x00000000f6500000)
  from space 79360K, 34% used [0x00000000f6500000,0x00000000f8013b60,0x00000000fb280000)
  to   space 74240K, 0% used [0x00000000fb780000,0x00000000fb780000,0x0000000100000000)
 ParOldGen       total 198144K, used 165592K [0x00000000c0000000, 0x00000000cc180000, 0x00000000eab00000)
  object space 198144K, 83% used [0x00000000c0000000,0x00000000ca1b63b0,0x00000000cc180000)
 Metaspace       used 6532K, capacity 7320K, committed 7680K, reserved 1056768K
  class space    used 614K, capacity 656K, committed 768K, reserved 1048576K
}
Event: 30,680 GC heap before
{Heap before GC invocations=17 (full 4):
 PSYoungGen      total 269824K, used 27726K [0x00000000eab00000, 0x0000000100000000, 0x0000000100000000)
  eden space 190464K, 0% used [0x00000000eab00000,0x00000000eab00000,0x00000000f6500000)
  from space 79360K, 34% used [0x00000000f6500000,0x00000000f8013b60,0x00000000fb280000)
  to   space 74240K, 0% used [0x00000000fb780000,0x00000000fb780000,0x0000000100000000)
 ParOldGen       total 198144K, used 165592K [0x00000000c0000000, 0x00000000cc180000, 0x00000000eab00000)
  object space 198144K, 83% used [0x00000000c0000000,0x00000000ca1b63b0,0x00000000cc180000)
 Metaspace       used 6532K, capacity 7320K, committed 7680K, reserved 1056768K
  class space    used 614K, capacity 656K, committed 768K, reserved 1048576K

Deoptimization events (10 events):
Event: 27,172 Thread 0x00007f08541de800 Uncommon trap: reason=bimorphic action=maybe_recompile pc=0x00007f0845747528 method=com.android.dx.ssa.LiteralOpUpgrader.tryReplacingWithConstant(Lcom/android/dx/ssa/NormalSsaInsn;)Z @ 62
Event: 27,608 Thread 0x00007f08541de800 Uncommon trap: reason=unstable_if action=reinterpret pc=0x00007f08457bdc68 method=com.android.dx.rop.cst.CstNat.equals(Ljava/lang/Object;)Z @ 25
Event: 28,210 Thread 0x00007f08541dc800 Uncommon trap: reason=unstable_if action=reinterpret pc=0x00007f08459279bc method=com.android.dx.rop.code.RegisterSpecSet.localItemToSpec(Lcom/android/dx/rop/code/LocalItem;)Lcom/android/dx/rop/code/RegisterSpec; @ 35
Event: 28,380 Thread 0x00007f08541da800 Uncommon trap: reason=bimorphic action=maybe_recompile pc=0x00007f0845747528 method=com.android.dx.ssa.LiteralOpUpgrader.tryReplacingWithConstant(Lcom/android/dx/ssa/NormalSsaInsn;)Z @ 62
Event: 28,485 Thread 0x00007f08541d7000 Uncommon trap: reason=bimorphic action=maybe_recompile pc=0x00007f0845747528 method=com.android.dx.ssa.LiteralOpUpgrader.tryReplacingWithConstant(Lcom/android/dx/ssa/NormalSsaInsn;)Z @ 62
Event: 30,221 Thread 0x00007f085400a000 Uncommon trap: reason=unstable_if action=reinterpret pc=0x00007f0845873524 method=com.android.dx.rop.code.LocalItem.compareHandlesNulls(Lcom/android/dx/rop/cst/CstString;Lcom/android/dx/rop/cst/CstString;)I @ 8
Event: 30,446 Thread 0x00007f08541da800 Uncommon trap: reason=class_check action=maybe_recompile pc=0x00007f0845970b10 method=com.android.dx.rop.code.RegisterSpec.withSimpleType()Lcom/android/dx/rop/code/RegisterSpec; @ 21
Event: 30,446 Thread 0x00007f08541da800 Uncommon trap: reason=class_check action=maybe_recompile pc=0x00007f0845970b10 method=com.android.dx.rop.code.RegisterSpec.withSimpleType()Lcom/android/dx/rop/code/RegisterSpec; @ 21
Event: 30,472 Thread 0x00007f08541d7000 Uncommon trap: reason=class_check action=maybe_recompile pc=0x00007f0845970b10 method=com.android.dx.rop.code.RegisterSpec.withSimpleType()Lcom/android/dx/rop/code/RegisterSpec; @ 21
Event: 30,472 Thread 0x00007f08541d7000 Uncommon trap: reason=class_check action=maybe_recompile pc=0x00007f0845970b10 method=com.android.dx.rop.code.RegisterSpec.withSimpleType()Lcom/android/dx/rop/code/RegisterSpec; @ 21

Internal exceptions (9 events):
Event: 0,031 Thread 0x00007f085400a000 Exception <a 'java/lang/NoSuchMethodError': Method sun.misc.Unsafe.defineClass(Ljava/lang/String;[BII)Ljava/lang/Class; name or signature does not match> (0x00000000eab12b98) thrown at [/HUDSON/workspace/8-2-build-linux-amd64/jdk8u66/4988/hotspot/src/shar
Event: 0,031 Thread 0x00007f085400a000 Exception <a 'java/lang/NoSuchMethodError': Method sun.misc.Unsafe.prefetchRead(Ljava/lang/Object;J)V name or signature does not match> (0x00000000eab12e80) thrown at [/HUDSON/workspace/8-2-build-linux-amd64/jdk8u66/4988/hotspot/src/share/vm/prims/jni.cpp
Event: 0,671 Thread 0x00007f08541d7000 Implicit null exception at 0x00007f08452a0d22 to 0x00007f08452a0e25
Event: 0,832 Thread 0x00007f08541dc800 Implicit null exception at 0x00007f08452e37fd to 0x00007f08452e6759
Event: 2,119 Thread 0x00007f08541de800 Exception <a 'java/lang/ArrayIndexOutOfBoundsException': 18> (0x00000000ef45ad48) thrown at [/HUDSON/workspace/8-2-build-linux-amd64/jdk8u66/4988/hotspot/src/share/vm/interpreter/interpreterRuntime.cpp, line 366]
Event: 2,120 Thread 0x00007f08541de800 Exception <a 'java/lang/ArrayIndexOutOfBoundsException': 145> (0x00000000ef45c8c8) thrown at [/HUDSON/workspace/8-2-build-linux-amd64/jdk8u66/4988/hotspot/src/share/vm/interpreter/interpreterRuntime.cpp, line 366]
Event: 2,121 Thread 0x00007f08541de800 Exception <a 'java/lang/ArrayIndexOutOfBoundsException': 40> (0x00000000ef45dbb0) thrown at [/HUDSON/workspace/8-2-build-linux-amd64/jdk8u66/4988/hotspot/src/share/vm/interpreter/interpreterRuntime.cpp, line 366]
Event: 14,030 Thread 0x00007f08541de800 Implicit null exception at 0x00007f084579d9c4 to 0x00007f084579fa85
Event: 30,221 Thread 0x00007f085400a000 Implicit null exception at 0x00007f0845871544 to 0x00007f08458734f9

Events (10 events):
Event: 30,478 Thread 0x00007f08541da800 DEOPT UNPACKING pc=0x00007f0845047633 sp=0x00007f083d8f6b60 mode 0
Event: 30,494 Thread 0x00007f08541dc800 DEOPT PACKING pc=0x00007f08453cc6ec sp=0x00007f083d7f6090
Event: 30,494 Thread 0x00007f08541dc800 DEOPT UNPACKING pc=0x00007f0845047633 sp=0x00007f083d7f5d90 mode 0
Event: 30,494 Thread 0x00007f08541dc800 DEOPT PACKING pc=0x00007f08452fd96d sp=0x00007f083d7f5d00
Event: 30,494 Thread 0x00007f08541dc800 DEOPT UNPACKING pc=0x00007f0845047633 sp=0x00007f083d7f5a88 mode 0
Event: 30,505 Thread 0x00007f08541d7000 DEOPT PACKING pc=0x00007f08454d0b19 sp=0x00007f083daf8e10
Event: 30,505 Thread 0x00007f08541d7000 DEOPT UNPACKING pc=0x00007f0845047633 sp=0x00007f083daf8c60 mode 0
Event: 30,510 Thread 0x00007f08541d7000 DEOPT PACKING pc=0x00007f08452fd96d sp=0x00007f083daf8b80
Event: 30,511 Thread 0x00007f08541d7000 DEOPT UNPACKING pc=0x00007f0845047633 sp=0x00007f083daf8908 mode 0
Event: 30,526 Executing VM operation: ParallelGCFailedAllocation


Dynamic libraries:
00400000-00401000 r-xp 00000000 08:05 399375                             /usr/lib/jvm/java-8-oracle/bin/java
00600000-00601000 rw-p 00000000 08:05 399375                             /usr/lib/jvm/java-8-oracle/bin/java
02319000-0233a000 rw-p 00000000 00:00 0                                  [heap]
c0000000-cc180000 rw-p 00000000 00:00 0 
d1180000-eab00000 ---p 00000000 00:00 0 
eab00000-100000000 rw-p 00000000 00:00 0 
100000000-1000c0000 rw-p 00000000 00:00 0 
1000c0000-140000000 ---p 00000000 00:00 0 
7f07f0000000-7f07f002e000 rw-p 00000000 00:00 0 
7f07f002e000-7f07f4000000 ---p 00000000 00:00 0 
7f07f8000000-7f07f802e000 rw-p 00000000 00:00 0 
7f07f802e000-7f07fc000000 ---p 00000000 00:00 0 
7f07fc000000-7f07fc026000 rw-p 00000000 00:00 0 
7f07fc026000-7f0800000000 ---p 00000000 00:00 0 
7f0800000000-7f0800037000 rw-p 00000000 00:00 0 
7f0800037000-7f0804000000 ---p 00000000 00:00 0 
7f0804000000-7f0804021000 rw-p 00000000 00:00 0 
7f0804021000-7f0808000000 ---p 00000000 00:00 0 
7f0808000000-7f0808021000 rw-p 00000000 00:00 0 
7f0808021000-7f080c000000 ---p 00000000 00:00 0 
7f080c000000-7f080c021000 rw-p 00000000 00:00 0 
7f080c021000-7f0810000000 ---p 00000000 00:00 0 
7f0810000000-7f0810f96000 rw-p 00000000 00:00 0 
7f0810f96000-7f0814000000 ---p 00000000 00:00 0 
7f0814000000-7f08147d9000 rw-p 00000000 00:00 0 
7f08147d9000-7f0818000000 ---p 00000000 00:00 0 
7f0818000000-7f0818021000 rw-p 00000000 00:00 0 
7f0818021000-7f081c000000 ---p 00000000 00:00 0 
7f081c000000-7f081d0f8000 rw-p 00000000 00:00 0 
7f081d0f8000-7f0820000000 ---p 00000000 00:00 0 
7f0820000000-7f0820021000 rw-p 00000000 00:00 0 
7f0820021000-7f0824000000 ---p 00000000 00:00 0 
7f0824000000-7f0824021000 rw-p 00000000 00:00 0 
7f0824021000-7f0828000000 ---p 00000000 00:00 0 
7f0828000000-7f0828021000 rw-p 00000000 00:00 0 
7f0828021000-7f082c000000 ---p 00000000 00:00 0 
7f082c000000-7f082c28d000 rw-p 00000000 00:00 0 
7f082c28d000-7f0830000000 ---p 00000000 00:00 0 
7f0830000000-7f0830021000 rw-p 00000000 00:00 0 
7f0830021000-7f0834000000 ---p 00000000 00:00 0 
7f0838000000-7f0838021000 rw-p 00000000 00:00 0 
7f0838021000-7f083c000000 ---p 00000000 00:00 0 
7f083d5f6000-7f083d5f9000 ---p 00000000 00:00 0 
7f083d5f9000-7f083d6f7000 rw-p 00000000 00:00 0                          [stack:22336]
7f083d6f7000-7f083d6fa000 ---p 00000000 00:00 0 
7f083d6fa000-7f083d7f8000 rw-p 00000000 00:00 0                          [stack:22335]
7f083d7f8000-7f083d7fb000 ---p 00000000 00:00 0 
7f083d7fb000-7f083d8f9000 rw-p 00000000 00:00 0                          [stack:22334]
7f083d8f9000-7f083d8fc000 ---p 00000000 00:00 0 
7f083d8fc000-7f083d9fa000 rw-p 00000000 00:00 0                          [stack:22333]
7f083d9fa000-7f083d9fd000 ---p 00000000 00:00 0 
7f083d9fd000-7f083dafb000 rw-p 00000000 00:00 0                          [stack:22332]
7f083dafb000-7f083dafc000 ---p 00000000 00:00 0 
7f083dafc000-7f083dbfc000 rw-p 00000000 00:00 0                          [stack:22331]
7f083dbfc000-7f083dbff000 ---p 00000000 00:00 0 
7f083dbff000-7f083dcfd000 rw-p 00000000 00:00 0                          [stack:22330]
7f083dcfd000-7f083dd00000 ---p 00000000 00:00 0 
7f083dd00000-7f083ddfe000 rw-p 00000000 00:00 0                          [stack:22329]
7f083ddfe000-7f083de01000 ---p 00000000 00:00 0 
7f083de01000-7f083deff000 rw-p 00000000 00:00 0                          [stack:22328]
7f083deff000-7f083df02000 ---p 00000000 00:00 0 
7f083df02000-7f0840000000 rw-p 00000000 00:00 0                          [stack:22327]
7f0840000000-7f0840021000 rw-p 00000000 00:00 0 
7f0840021000-7f0844000000 ---p 00000000 00:00 0 
7f08440e6000-7f08440e9000 ---p 00000000 00:00 0 
7f08440e9000-7f08441e7000 rw-p 00000000 00:00 0                          [stack:22326]
7f08441e7000-7f08449fa000 r--p 00000000 08:05 138251                     /usr/lib/locale/locale-archive
7f08449fa000-7f08449fd000 ---p 00000000 00:00 0 
7f08449fd000-7f0844afb000 rw-p 00000000 00:00 0                          [stack:22325]
7f0844afb000-7f0844afe000 ---p 00000000 00:00 0 
7f0844afe000-7f0844bfc000 rw-p 00000000 00:00 0                          [stack:22324]
7f0844bfc000-7f0844bfd000 ---p 00000000 00:00 0 
7f0844bfd000-7f0845000000 rw-p 00000000 00:00 0                          [stack:22323]
7f0845000000-7f08459a0000 rwxp 00000000 00:00 0 
7f08459a0000-7f0854000000 ---p 00000000 00:00 0 
7f0854000000-7f08543a7000 rw-p 00000000 00:00 0 
7f08543a7000-7f0858000000 ---p 00000000 00:00 0 
7f0858079000-7f08580ce000 r--s 00427000 08:05 4326961                    /home/german/Development/VKastFM/app/build/intermediates/multi-dex/debug/allclasses.jar
7f08580ce000-7f08580dd000 r--s 000df000 08:05 1204518                    /home/german/Android/Sdk/build-tools/23.0.2/lib/dx.jar
7f08580dd000-7f0858d8e000 rw-p 00000000 00:00 0 
7f0858d8e000-7f0858f67000 r--s 03d20000 08:05 792064                     /usr/lib/jvm/java-8-oracle/jre/lib/rt.jar
7f0858f67000-7f085969d000 rw-p 00000000 00:00 0 
7f085969d000-7f08597dd000 ---p 00000000 00:00 0 
7f08597dd000-7f08599dd000 rw-p 00000000 00:00 0 
7f08599dd000-7f08599de000 ---p 00000000 00:00 0 
7f08599de000-7f0859ade000 rw-p 00000000 00:00 0                          [stack:22322]
7f0859ade000-7f0859adf000 ---p 00000000 00:00 0 
7f0859adf000-7f0859bdf000 rw-p 00000000 00:00 0                          [stack:22321]
7f0859bdf000-7f0859be0000 ---p 00000000 00:00 0 
7f0859be0000-7f0859ce0000 rw-p 00000000 00:00 0                          [stack:22320]
7f0859ce0000-7f0859ce1000 ---p 00000000 00:00 0 
7f0859ce1000-7f0859e42000 rw-p 00000000 00:00 0                          [stack:22319]
7f0859e42000-7f0859f37000 ---p 00000000 00:00 0 
7f0859f37000-7f0859f98000 rw-p 00000000 00:00 0 
7f0859f98000-7f085a08c000 ---p 00000000 00:00 0 
7f085a08c000-7f085a137000 rw-p 00000000 00:00 0 
7f085a137000-7f085a15f000 rw-p 00000000 00:00 0 
7f085a15f000-7f085a4f8000 ---p 00000000 00:00 0 
7f085a4f8000-7f085a512000 r-xp 00000000 08:05 792088                     /usr/lib/jvm/java-8-oracle/jre/lib/amd64/libzip.so
7f085a512000-7f085a712000 ---p 0001a000 08:05 792088                     /usr/lib/jvm/java-8-oracle/jre/lib/amd64/libzip.so
7f085a712000-7f085a713000 rw-p 0001a000 08:05 792088                     /usr/lib/jvm/java-8-oracle/jre/lib/amd64/libzip.so
7f085a713000-7f085a71e000 r-xp 00000000 08:05 1970430                    /lib/x86_64-linux-gnu/libnss_files-2.19.so
7f085a71e000-7f085a91d000 ---p 0000b000 08:05 1970430                    /lib/x86_64-linux-gnu/libnss_files-2.19.so
7f085a91d000-7f085a91e000 r--p 0000a000 08:05 1970430                    /lib/x86_64-linux-gnu/libnss_files-2.19.so
7f085a91e000-7f085a91f000 rw-p 0000b000 08:05 1970430                    /lib/x86_64-linux-gnu/libnss_files-2.19.so
7f085a91f000-7f085a92a000 r-xp 00000000 08:05 1970440                    /lib/x86_64-linux-gnu/libnss_nis-2.19.so
7f085a92a000-7f085ab29000 ---p 0000b000 08:05 1970440                    /lib/x86_64-linux-gnu/libnss_nis-2.19.so
7f085ab29000-7f085ab2a000 r--p 0000a000 08:05 1970440                    /lib/x86_64-linux-gnu/libnss_nis-2.19.so
7f085ab2a000-7f085ab2b000 rw-p 0000b000 08:05 1970440                    /lib/x86_64-linux-gnu/libnss_nis-2.19.so
7f085ab2b000-7f085ab42000 r-xp 00000000 08:05 1970424                    /lib/x86_64-linux-gnu/libnsl-2.19.so
7f085ab42000-7f085ad41000 ---p 00017000 08:05 1970424                    /lib/x86_64-linux-gnu/libnsl-2.19.so
7f085ad41000-7f085ad42000 r--p 00016000 08:05 1970424                    /lib/x86_64-linux-gnu/libnsl-2.19.so
7f085ad42000-7f085ad43000 rw-p 00017000 08:05 1970424                    /lib/x86_64-linux-gnu/libnsl-2.19.so
7f085ad43000-7f085ad45000 rw-p 00000000 00:00 0 
7f085ad45000-7f085ad4e000 r-xp 00000000 08:05 1970426                    /lib/x86_64-linux-gnu/libnss_compat-2.19.so
7f085ad4e000-7f085af4d000 ---p 00009000 08:05 1970426                    /lib/x86_64-linux-gnu/libnss_compat-2.19.so
7f085af4d000-7f085af4e000 r--p 00008000 08:05 1970426                    /lib/x86_64-linux-gnu/libnss_compat-2.19.so
7f085af4e000-7f085af4f000 rw-p 00009000 08:05 1970426                    /lib/x86_64-linux-gnu/libnss_compat-2.19.so
7f085af4f000-7f085af79000 r-xp 00000000 08:05 792128                     /usr/lib/jvm/java-8-oracle/jre/lib/amd64/libjava.so
7f085af79000-7f085b179000 ---p 0002a000 08:05 792128                     /usr/lib/jvm/java-8-oracle/jre/lib/amd64/libjava.so
7f085b179000-7f085b17b000 rw-p 0002a000 08:05 792128                     /usr/lib/jvm/java-8-oracle/jre/lib/amd64/libjava.so
7f085b17b000-7f085b188000 r-xp 00000000 08:05 792101                     /usr/lib/jvm/java-8-oracle/jre/lib/amd64/libverify.so
7f085b188000-7f085b388000 ---p 0000d000 08:05 792101                     /usr/lib/jvm/java-8-oracle/jre/lib/amd64/libverify.so
7f085b388000-7f085b38a000 rw-p 0000d000 08:05 792101                     /usr/lib/jvm/java-8-oracle/jre/lib/amd64/libverify.so
7f085b38a000-7f085b391000 r-xp 00000000 08:05 1970483                    /lib/x86_64-linux-gnu/librt-2.19.so
7f085b391000-7f085b590000 ---p 00007000 08:05 1970483                    /lib/x86_64-linux-gnu/librt-2.19.so
7f085b590000-7f085b591000 r--p 00006000 08:05 1970483                    /lib/x86_64-linux-gnu/librt-2.19.so
7f085b591000-7f085b592000 rw-p 00007000 08:05 1970483                    /lib/x86_64-linux-gnu/librt-2.19.so
7f085b592000-7f085b697000 r-xp 00000000 08:05 1970405                    /lib/x86_64-linux-gnu/libm-2.19.so
7f085b697000-7f085b896000 ---p 00105000 08:05 1970405                    /lib/x86_64-linux-gnu/libm-2.19.so
7f085b896000-7f085b897000 r--p 00104000 08:05 1970405                    /lib/x86_64-linux-gnu/libm-2.19.so
7f085b897000-7f085b898000 rw-p 00105000 08:05 1970405                    /lib/x86_64-linux-gnu/libm-2.19.so
7f085b898000-7f085c556000 r-xp 00000000 08:05 792112                     /usr/lib/jvm/java-8-oracle/jre/lib/amd64/server/libjvm.so
7f085c556000-7f085c755000 ---p 00cbe000 08:05 792112                     /usr/lib/jvm/java-8-oracle/jre/lib/amd64/server/libjvm.so
7f085c755000-7f085c82e000 rw-p 00cbd000 08:05 792112                     /usr/lib/jvm/java-8-oracle/jre/lib/amd64/server/libjvm.so
7f085c82e000-7f085c872000 rw-p 00000000 00:00 0 
7f085c872000-7f085ca2d000 r-xp 00000000 08:05 1970355                    /lib/x86_64-linux-gnu/libc-2.19.so
7f085ca2d000-7f085cc2c000 ---p 001bb000 08:05 1970355                    /lib/x86_64-linux-gnu/libc-2.19.so
7f085cc2c000-7f085cc30000 r--p 001ba000 08:05 1970355                    /lib/x86_64-linux-gnu/libc-2.19.so
7f085cc30000-7f085cc32000 rw-p 001be000 08:05 1970355                    /lib/x86_64-linux-gnu/libc-2.19.so
7f085cc32000-7f085cc37000 rw-p 00000000 00:00 0 
7f085cc37000-7f085cc3a000 r-xp 00000000 08:05 1970372                    /lib/x86_64-linux-gnu/libdl-2.19.so
7f085cc3a000-7f085ce39000 ---p 00003000 08:05 1970372                    /lib/x86_64-linux-gnu/libdl-2.19.so
7f085ce39000-7f085ce3a000 r--p 00002000 08:05 1970372                    /lib/x86_64-linux-gnu/libdl-2.19.so
7f085ce3a000-7f085ce3b000 rw-p 00003000 08:05 1970372                    /lib/x86_64-linux-gnu/libdl-2.19.so
7f085ce3b000-7f085ce50000 r-xp 00000000 08:05 532117                     /usr/lib/jvm/java-8-oracle/lib/amd64/jli/libjli.so
7f085ce50000-7f085d050000 ---p 00015000 08:05 532117                     /usr/lib/jvm/java-8-oracle/lib/amd64/jli/libjli.so
7f085d050000-7f085d051000 rw-p 00015000 08:05 532117                     /usr/lib/jvm/java-8-oracle/lib/amd64/jli/libjli.so
7f085d051000-7f085d06a000 r-xp 00000000 08:05 1970475                    /lib/x86_64-linux-gnu/libpthread-2.19.so
7f085d06a000-7f085d269000 ---p 00019000 08:05 1970475                    /lib/x86_64-linux-gnu/libpthread-2.19.so
7f085d269000-7f085d26a000 r--p 00018000 08:05 1970475                    /lib/x86_64-linux-gnu/libpthread-2.19.so
7f085d26a000-7f085d26b000 rw-p 00019000 08:05 1970475                    /lib/x86_64-linux-gnu/libpthread-2.19.so
7f085d26b000-7f085d26f000 rw-p 00000000 00:00 0 
7f085d26f000-7f085d292000 r-xp 00000000 08:05 1970331                    /lib/x86_64-linux-gnu/ld-2.19.so
7f085d298000-7f085d36a000 rw-p 00000000 00:00 0 
7f085d36a000-7f085d36d000 ---p 00000000 00:00 0 
7f085d36d000-7f085d46f000 rw-p 00000000 00:00 0                          [stack:22318]
7f085d470000-7f085d485000 rw-p 00000000 00:00 0 
7f085d485000-7f085d48d000 rw-s 00000000 08:05 3940203                    /tmp/hsperfdata_german/22313
7f085d48d000-7f085d48e000 rw-p 00000000 00:00 0 
7f085d48e000-7f085d48f000 ---p 00000000 00:00 0 
7f085d48f000-7f085d491000 rw-p 00000000 00:00 0 
7f085d491000-7f085d492000 r--p 00022000 08:05 1970331                    /lib/x86_64-linux-gnu/ld-2.19.so
7f085d492000-7f085d493000 rw-p 00023000 08:05 1970331                    /lib/x86_64-linux-gnu/ld-2.19.so
7f085d493000-7f085d494000 rw-p 00000000 00:00 0 
7ffc92419000-7ffc9243a000 rw-p 00000000 00:00 0                          [stack]
7ffc924a6000-7ffc924a8000 r--p 00000000 00:00 0                          [vvar]
7ffc924a8000-7ffc924aa000 r-xp 00000000 00:00 0                          [vdso]
ffffffffff600000-ffffffffff601000 r-xp 00000000 00:00 0                  [vsyscall]

VM Arguments:
jvm_args: -Xmx1024M -Dfile.encoding=UTF-8 -Duser.country=US -Duser.language=en -Duser.variant 
java_command: com.android.dx.command.Main --dex --num-threads=4 --multi-dex --main-dex-list /home/german/Development/VKastFM/app/build/intermediates/multi-dex/debug/maindexlist.txt --output /home/german/Development/VKastFM/app/build/intermediates/dex/debug /home/german/Development/VKastFM/app/build/intermediates/multi-dex/debug/allclasses.jar
java_class_path (initial): /home/german/Android/Sdk/build-tools/23.0.2/lib/dx.jar
Launcher Type: SUN_STANDARD

Environment Variables:
PATH=/usr/local/sbin:/usr/local/bin:/usr/sbin:/usr/bin:/sbin:/bin:/usr/games:/usr/local/games
LD_LIBRARY_PATH=/home/german/android-studio/bin:
SHELL=/bin/bash
DISPLAY=:0

Signal Handlers:
SIGSEGV: [libjvm.so+0xaba2a0], sa_mask[0]=11111111011111111101111111111110, sa_flags=SA_RESTART|SA_SIGINFO
SIGBUS: [libjvm.so+0xaba2a0], sa_mask[0]=11111111011111111101111111111110, sa_flags=SA_RESTART|SA_SIGINFO
SIGFPE: [libjvm.so+0x917710], sa_mask[0]=11111111011111111101111111111110, sa_flags=SA_RESTART|SA_SIGINFO
SIGPIPE: [libjvm.so+0x917710], sa_mask[0]=11111111011111111101111111111110, sa_flags=SA_RESTART|SA_SIGINFO
SIGXFSZ: [libjvm.so+0x917710], sa_mask[0]=11111111011111111101111111111110, sa_flags=SA_RESTART|SA_SIGINFO
SIGILL: [libjvm.so+0x917710], sa_mask[0]=11111111011111111101111111111110, sa_flags=SA_RESTART|SA_SIGINFO
SIGUSR1: SIG_DFL, sa_mask[0]=00000000000000000000000000000000, sa_flags=none
SIGUSR2: [libjvm.so+0x918d40], sa_mask[0]=00100000000000000000000000000000, sa_flags=SA_RESTART|SA_SIGINFO
SIGHUP: [libjvm.so+0x91a140], sa_mask[0]=11111111011111111101111111111110, sa_flags=SA_RESTART|SA_SIGINFO
SIGINT: [libjvm.so+0x91a140], sa_mask[0]=11111111011111111101111111111110, sa_flags=SA_RESTART|SA_SIGINFO
SIGTERM: [libjvm.so+0x91a140], sa_mask[0]=11111111011111111101111111111110, sa_flags=SA_RESTART|SA_SIGINFO
SIGQUIT: [libjvm.so+0x91a140], sa_mask[0]=11111111011111111101111111111110, sa_flags=SA_RESTART|SA_SIGINFO


---------------  S Y S T E M  ---------------

OS:DISTRIB_ID=Ubuntu
DISTRIB_RELEASE=14.04
DISTRIB_CODENAME=trusty
DISTRIB_DESCRIPTION="Ubuntu 14.04.3 LTS"

uname:Linux 3.19.0-42-generic #48~14.04.1-Ubuntu SMP Fri Dec 18 10:24:49 UTC 2015 x86_64
libc:glibc 2.19 NPTL 2.19 
rlimit: STACK 8192k, CORE 0k, NPROC 14532, NOFILE 4096, AS infinity
load average:12,79 3,71 1,91

/proc/meminfo:
MemTotal:        3741648 kB
MemFree:          112776 kB
MemAvailable:      54992 kB
Buffers:             876 kB
Cached:           166552 kB
SwapCached:        16612 kB
Active:          2634308 kB
Inactive:         805876 kB
Active(anon):    2629520 kB
Inactive(anon):   797408 kB
Active(file):       4788 kB
Inactive(file):     8468 kB
Unevictable:          96 kB
Mlocked:              96 kB
SwapTotal:       1892348 kB
SwapFree:              4 kB
Dirty:                60 kB
Writeback:             0 kB
AnonPages:       3257840 kB
Mapped:            13336 kB
Shmem:            153740 kB
Slab:              83368 kB
SReclaimable:      40100 kB
SUnreclaim:        43268 kB
KernelStack:       11728 kB
PageTables:        54324 kB
NFS_Unstable:          0 kB
Bounce:                0 kB
WritebackTmp:          0 kB
CommitLimit:     3763172 kB
Committed_AS:   10195292 kB
VmallocTotal:   34359738367 kB
VmallocUsed:      350952 kB
VmallocChunk:   34359290708 kB
HardwareCorrupted:     0 kB
AnonHugePages:    102400 kB
CmaTotal:              0 kB
CmaFree:               0 kB
HugePages_Total:       0
HugePages_Free:        0
HugePages_Rsvd:        0
HugePages_Surp:        0
Hugepagesize:       2048 kB
DirectMap4k:      344104 kB
DirectMap2M:     3540992 kB


CPU:total 4 (2 cores per cpu, 2 threads per core) family 6 model 58 stepping 9, cmov, cx8, fxsr, mmx, sse, sse2, sse3, ssse3, sse4.1, sse4.2, popcnt, avx, aes, clmul, erms, ht, tsc, tscinvbit, tscinv

/proc/cpuinfo:
processor	: 0
vendor_id	: GenuineIntel
cpu family	: 6
model		: 58
model name	: Intel(R) Core(TM) i5-3210M CPU @ 2.50GHz
stepping	: 9
microcode	: 0x1b
cpu MHz		: 2798.046
cache size	: 3072 KB
physical id	: 0
siblings	: 4
core id		: 0
cpu cores	: 2
apicid		: 0
initial apicid	: 0
fpu		: yes
fpu_exception	: yes
cpuid level	: 13
wp		: yes
flags		: fpu vme de pse tsc msr pae mce cx8 apic sep mtrr pge mca cmov pat pse36 clflush dts acpi mmx fxsr sse sse2 ss ht tm pbe syscall nx rdtscp lm constant_tsc arch_perfmon pebs bts rep_good nopl xtopology nonstop_tsc aperfmperf eagerfpu pni pclmulqdq dtes64 monitor ds_cpl vmx est tm2 ssse3 cx16 xtpr pdcm pcid sse4_1 sse4_2 x2apic popcnt tsc_deadline_timer aes xsave avx f16c rdrand lahf_lm ida arat epb pln pts dtherm tpr_shadow vnmi flexpriority ept vpid fsgsbase smep erms xsaveopt
bugs		:
bogomips	: 4988.82
clflush size	: 64
cache_alignment	: 64
address sizes	: 36 bits physical, 48 bits virtual
power management:

processor	: 1
vendor_id	: GenuineIntel
cpu family	: 6
model		: 58
model name	: Intel(R) Core(TM) i5-3210M CPU @ 2.50GHz
stepping	: 9
microcode	: 0x1b
cpu MHz		: 2472.363
cache size	: 3072 KB
physical id	: 0
siblings	: 4
core id		: 0
cpu cores	: 2
apicid		: 1
initial apicid	: 1
fpu		: yes
fpu_exception	: yes
cpuid level	: 13
wp		: yes
flags		: fpu vme de pse tsc msr pae mce cx8 apic sep mtrr pge mca cmov pat pse36 clflush dts acpi mmx fxsr sse sse2 ss ht tm pbe syscall nx rdtscp lm constant_tsc arch_perfmon pebs bts rep_good nopl xtopology nonstop_tsc aperfmperf eagerfpu pni pclmulqdq dtes64 monitor ds_cpl vmx est tm2 ssse3 cx16 xtpr pdcm pcid sse4_1 sse4_2 x2apic popcnt tsc_deadline_timer aes xsave avx f16c rdrand lahf_lm ida arat epb pln pts dtherm tpr_shadow vnmi flexpriority ept vpid fsgsbase smep erms xsaveopt
bugs		:
bogomips	: 4988.82
clflush size	: 64
cache_alignment	: 64
address sizes	: 36 bits physical, 48 bits virtual
power management:

processor	: 2
vendor_id	: GenuineIntel
cpu family	: 6
model		: 58
model name	: Intel(R) Core(TM) i5-3210M CPU @ 2.50GHz
stepping	: 9
microcode	: 0x1b
cpu MHz		: 2311.328
cache size	: 3072 KB
physical id	: 0
siblings	: 4
core id		: 1
cpu cores	: 2
apicid		: 2
initial apicid	: 2
fpu		: yes
fpu_exception	: yes
cpuid level	: 13
wp		: yes
flags		: fpu vme de pse tsc msr pae mce cx8 apic sep mtrr pge mca cmov pat pse36 clflush dts acpi mmx fxsr sse sse2 ss ht tm pbe syscall nx rdtscp lm constant_tsc arch_perfmon pebs bts rep_good nopl xtopology nonstop_tsc aperfmperf eagerfpu pni pclmulqdq dtes64 monitor ds_cpl vmx est tm2 ssse3 cx16 xtpr pdcm pcid sse4_1 sse4_2 x2apic popcnt tsc_deadline_timer aes xsave avx f16c rdrand lahf_lm ida arat epb pln pts dtherm tpr_shadow vnmi flexpriority ept vpid fsgsbase smep erms xsaveopt
bugs		:
bogomips	: 4988.82
clflush size	: 64
cache_alignment	: 64
address sizes	: 36 bits physical, 48 bits virtual
power management:

processor	: 3
vendor_id	: GenuineIntel
cpu family	: 6
model		: 58
model name	: Intel(R) Core(TM) i5-3210M CPU @ 2.50GHz
stepping	: 9
microcode	: 0x1b
cpu MHz		: 2341.015
cache size	: 3072 KB
physical id	: 0
siblings	: 4
core id		: 1
cpu cores	: 2
apicid		: 3
initial apicid	: 3
fpu		: yes
fpu_exception	: yes
cpuid level	: 13
wp		: yes
flags		: fpu vme de pse tsc msr pae mce cx8 apic sep mtrr pge mca cmov pat pse36 clflush dts acpi mmx fxsr sse sse2 ss ht tm pbe syscall nx rdtscp lm constant_tsc arch_perfmon pebs bts rep_good nopl xtopology nonstop_tsc aperfmperf eagerfpu pni pclmulqdq dtes64 monitor ds_cpl vmx est tm2 ssse3 cx16 xtpr pdcm pcid sse4_1 sse4_2 x2apic popcnt tsc_deadline_timer aes xsave avx f16c rdrand lahf_lm ida arat epb pln pts dtherm tpr_shadow vnmi flexpriority ept vpid fsgsbase smep erms xsaveopt
bugs		:
bogomips	: 4988.82
clflush size	: 64
cache_alignment	: 64
address sizes	: 36 bits physical, 48 bits virtual
power management:



Memory: 4k page, physical 3741648k(112924k free), swap 1892348k(4k free)

vm_info: Java HotSpot(TM) 64-Bit Server VM (25.66-b17) for linux-amd64 JRE (1.8.0_66-b17), built on Oct  6 2015 17:28:34 by "java_re" with gcc 4.3.0 20080428 (Red Hat 4.3.0-8)

time: Tue Apr 12 00:29:48 2016
elapsed time: 31 seconds (0d 0h 0m 31s)

