#
# There is insufficient memory for the Java Runtime Environment to continue.
# Native memory allocation (mmap) failed to map 106954752 bytes for committing reserved memory.
# Possible reasons:
#   The system is out of physical RAM or swap space
#   In 32 bit mode, the process size limit was hit
# Possible solutions:
#   Reduce memory load on the system
#   Increase physical memory or swap space
#   Check if swap backing store is full
#   Use 64 bit Java on a 64 bit OS
#   Decrease Java heap size (-Xmx/-Xms)
#   Decrease number of Java threads
#   Decrease Java thread stack sizes (-Xss)
#   Set larger code cache with -XX:ReservedCodeCacheSize=
# This output file may be truncated or incomplete.
#
#  Out of Memory Error (os_linux.cpp:2627), pid=24676, tid=140229275379456
#
# JRE version: Java(TM) SE Runtime Environment (8.0_66-b17) (build 1.8.0_66-b17)
# Java VM: Java HotSpot(TM) 64-Bit Server VM (25.66-b17 mixed mode linux-amd64 compressed oops)
# Failed to write core dump. Core dumps have been disabled. To enable core dumping, try "ulimit -c unlimited" before starting Java again
#

---------------  T H R E A D  ---------------

Current thread (0x00007f89a8078000):  VMThread [stack: 0x00007f89ac156000,0x00007f89ac257000] [id=24686]

Stack: [0x00007f89ac156000,0x00007f89ac257000],  sp=0x00007f89ac255360,  free space=1020k
Native frames: (J=compiled Java code, j=interpreted, Vv=VM code, C=native code)
V  [libjvm.so+0xab9a1a]  VMError::report_and_die()+0x2ba
V  [libjvm.so+0x4f9e0b]  report_vm_out_of_memory(char const*, int, unsigned long, VMErrorType, char const*)+0x8b
V  [libjvm.so+0x91a8a3]  os::Linux::commit_memory_impl(char*, unsigned long, bool)+0x103
V  [libjvm.so+0x91adf9]  os::pd_commit_memory(char*, unsigned long, unsigned long, bool)+0x29
V  [libjvm.so+0x91510a]  os::commit_memory(char*, unsigned long, unsigned long, bool)+0x2a
V  [libjvm.so+0x9887a3]  PSVirtualSpace::expand_by(unsigned long)+0x53
V  [libjvm.so+0x979090]  PSOldGen::expand(unsigned long)+0x170
V  [libjvm.so+0x97929b]  PSOldGen::resize(unsigned long)+0x1cb
V  [libjvm.so+0x980f71]  PSParallelCompact::invoke_no_policy(bool)+0x991
V  [libjvm.so+0x9868cd]  PSScavenge::invoke()+0x1ad
V  [libjvm.so+0x93e500]  ParallelScavengeHeap::failed_mem_allocate(unsigned long)+0x70
V  [libjvm.so+0xabb437]  VM_ParallelGCFailedAllocation::doit()+0x97
V  [libjvm.so+0xac2e65]  VM_Operation::evaluate()+0x55
V  [libjvm.so+0xac123a]  VMThread::evaluate_operation(VM_Operation*)+0xba
V  [libjvm.so+0xac15be]  VMThread::loop()+0x1ce
V  [libjvm.so+0xac1a30]  VMThread::run()+0x70
V  [libjvm.so+0x91cc68]  java_start(Thread*)+0x108

VM_Operation (0x00007f8995c89d70): ParallelGCFailedAllocation, mode: safepoint, requested by thread 0x00007f89a81bf000


---------------  P R O C E S S  ---------------

Java Threads: ( => current thread )
  0x00007f89a81bf000 JavaThread "pool-2-thread-4" [_thread_blocked, id=24699, stack(0x00007f8995b8c000,0x00007f8995c8d000)]
  0x00007f89a81bd000 JavaThread "pool-2-thread-3" [_thread_blocked, id=24698, stack(0x00007f8995c8d000,0x00007f8995d8e000)]
  0x00007f89a81bb800 JavaThread "pool-2-thread-2" [_thread_blocked, id=24697, stack(0x00007f8995d8e000,0x00007f8995e8f000)]
  0x00007f89a81ba800 JavaThread "pool-3-thread-1" [_thread_blocked, id=24696, stack(0x00007f8995e8f000,0x00007f8995f90000)]
  0x00007f89a81b8000 JavaThread "pool-2-thread-1" [_thread_blocked, id=24695, stack(0x00007f8995f90000,0x00007f8996091000)]
  0x00007f89a80c3000 JavaThread "Service Thread" daemon [_thread_blocked, id=24693, stack(0x00007f89961e7000,0x00007f89962e8000)]
  0x00007f89a80be000 JavaThread "C1 CompilerThread2" daemon [_thread_blocked, id=24692, stack(0x00007f89962e8000,0x00007f89963e9000)]
  0x00007f89a80bc800 JavaThread "C2 CompilerThread1" daemon [_thread_in_native, id=24691, stack(0x00007f89963e9000,0x00007f89964ea000)]
  0x00007f89a80b9800 JavaThread "C2 CompilerThread0" daemon [_thread_blocked, id=24690, stack(0x00007f89964ea000,0x00007f89965eb000)]
  0x00007f89a80b8000 JavaThread "Signal Dispatcher" daemon [_thread_blocked, id=24689, stack(0x00007f89965eb000,0x00007f89966ec000)]
  0x00007f89a807f000 JavaThread "Finalizer" daemon [_thread_blocked, id=24688, stack(0x00007f8996eff000,0x00007f8997000000)]
  0x00007f89a807d000 JavaThread "Reference Handler" daemon [_thread_blocked, id=24687, stack(0x00007f89ac055000,0x00007f89ac156000)]
  0x00007f89a800a000 JavaThread "main" [_thread_blocked, id=24681, stack(0x00007f89b17e7000,0x00007f89b18e8000)]

Other Threads:
=>0x00007f89a8078000 VMThread [stack: 0x00007f89ac156000,0x00007f89ac257000] [id=24686]
  0x00007f89a80c6000 WatcherThread [stack: 0x00007f89960e6000,0x00007f89961e7000] [id=24694]

VM state:at safepoint (normal execution)

VM Mutex/Monitor currently owned by a thread:  ([mutex/lock_event])
[0x00007f89a8005d50] ExpandHeap_lock - owner thread: 0x00007f89a8078000
[0x00007f89a80063d0] Threads_lock - owner thread: 0x00007f89a8078000
[0x00007f89a80068d0] Heap_lock - owner thread: 0x00007f89a81bf000

Heap:
 PSYoungGen      total 266752K, used 29895K [0x00000000eab00000, 0x0000000100000000, 0x0000000100000000)
  eden space 208896K, 0% used [0x00000000eab00000,0x00000000eab00000,0x00000000f7700000)
  from space 57856K, 51% used [0x00000000fc780000,0x00000000fe4b1f60,0x0000000100000000)
  to   space 70144K, 0% used [0x00000000f7700000,0x00000000f7700000,0x00000000fbb80000)
 ParOldGen       total 212480K, used 212367K [0x00000000c0000000, 0x00000000ccf80000, 0x00000000eab00000)
  object space 212480K, 99% used [0x00000000c0000000,0x00000000ccf63d28,0x00000000ccf80000)
 Metaspace       used 6535K, capacity 7320K, committed 7680K, reserved 1056768K
  class space    used 614K, capacity 656K, committed 768K, reserved 1048576K

Card table byte_map: [0x00007f89ae3b4000,0x00007f89ae5b5000] byte_map_base: 0x00007f89addb4000

Marking Bits: (ParMarkBitMap*) 0x00007f89b0cc4020
 Begin Bits: [0x00007f8997000000, 0x00007f8998000000)
 End Bits:   [0x00007f8998000000, 0x00007f8999000000)

Polling page: 0x00007f89b190b000

CodeCache: size=245760Kb used=10655Kb max_used=10655Kb free=235104Kb
 bounds [0x00007f8999000000, 0x00007f8999a70000, 0x00007f89a8000000]
 total_blobs=2678 nmethods=2409 adapters=182
 compilation: enabled

Compilation events (10 events):
Event: 10,752 Thread 0x00007f89a80be000 2601       2       com.android.dx.rop.cst.CstLiteral64::<init> (10 bytes)
Event: 10,753 Thread 0x00007f89a80be000 nmethod 2601 0x00007f8999a66cd0 code [0x00007f8999a66e20, 0x00007f8999a66f70]
Event: 10,753 Thread 0x00007f89a80be000 2602       2       com.android.dx.util.ByteArray::getLong (104 bytes)
Event: 10,753 Thread 0x00007f89a80be000 nmethod 2602 0x00007f8999a67010 code [0x00007f8999a67180, 0x00007f8999a674a8]
Event: 10,757 Thread 0x00007f89a80be000 2603       3       com.android.dx.ssa.PhiTypeResolver::resolveResultType (308 bytes)
Event: 10,761 Thread 0x00007f89a80be000 nmethod 2603 0x00007f8999a67750 code [0x00007f8999a67c00, 0x00007f8999a6b2b8]
Event: 10,892 Thread 0x00007f89a80be000 2607       2       com.android.dx.rop.cst.CstLong::make (9 bytes)
Event: 10,893 Thread 0x00007f89a80be000 nmethod 2607 0x00007f8999a6cd50 code [0x00007f8999a6cea0, 0x00007f8999a6d030]
Event: 10,893 Thread 0x00007f89a80be000 2608       2       com.android.dx.rop.cst.CstLong::<init> (6 bytes)
Event: 10,893 Thread 0x00007f89a80be000 nmethod 2608 0x00007f8999a6d0d0 code [0x00007f8999a6d220, 0x00007f8999a6d370]

GC Heap History (10 events):
Event: 7,386 GC heap after
Heap after GC invocations=13 (full 2):
 PSYoungGen      total 280064K, used 36085K [0x00000000eab00000, 0x0000000100000000, 0x0000000100000000)
  eden space 243712K, 0% used [0x00000000eab00000,0x00000000eab00000,0x00000000f9900000)
  from space 36352K, 99% used [0x00000000f9900000,0x00000000fbc3d558,0x00000000fbc80000)
  to   space 55808K, 0% used [0x00000000fc980000,0x00000000fc980000,0x0000000100000000)
 ParOldGen       total 131584K, used 110276K [0x00000000c0000000, 0x00000000c8080000, 0x00000000eab00000)
  object space 131584K, 83% used [0x00000000c0000000,0x00000000c6bb1378,0x00000000c8080000)
 Metaspace       used 6499K, capacity 7256K, committed 7424K, reserved 1056768K
  class space    used 614K, capacity 656K, committed 768K, reserved 1048576K
}
Event: 7,386 GC heap before
{Heap before GC invocations=14 (full 3):
 PSYoungGen      total 280064K, used 36085K [0x00000000eab00000, 0x0000000100000000, 0x0000000100000000)
  eden space 243712K, 0% used [0x00000000eab00000,0x00000000eab00000,0x00000000f9900000)
  from space 36352K, 99% used [0x00000000f9900000,0x00000000fbc3d558,0x00000000fbc80000)
  to   space 55808K, 0% used [0x00000000fc980000,0x00000000fc980000,0x0000000100000000)
 ParOldGen       total 131584K, used 110276K [0x00000000c0000000, 0x00000000c8080000, 0x00000000eab00000)
  object space 131584K, 83% used [0x00000000c0000000,0x00000000c6bb1378,0x00000000c8080000)
 Metaspace       used 6499K, capacity 7256K, committed 7424K, reserved 1056768K
  class space    used 614K, capacity 656K, committed 768K, reserved 1048576K
Event: 8,255 GC heap after
Heap after GC invocations=14 (full 3):
 PSYoungGen      total 280064K, used 12312K [0x00000000eab00000, 0x0000000100000000, 0x0000000100000000)
  eden space 243712K, 0% used [0x00000000eab00000,0x00000000eab00000,0x00000000f9900000)
  from space 36352K, 33% used [0x00000000f9900000,0x00000000fa506200,0x00000000fbc80000)
  to   space 55808K, 0% used [0x00000000fc980000,0x00000000fc980000,0x0000000100000000)
 ParOldGen       total 205824K, used 131506K [0x00000000c0000000, 0x00000000cc900000, 0x00000000eab00000)
  object space 205824K, 63% used [0x00000000c0000000,0x00000000c806c950,0x00000000cc900000)
 Metaspace       used 6499K, capacity 7256K, committed 7424K, reserved 1056768K
  class space    used 614K, capacity 656K, committed 768K, reserved 1048576K
}
Event: 9,001 GC heap before
{Heap before GC invocations=15 (full 3):
 PSYoungGen      total 280064K, used 256024K [0x00000000eab00000, 0x0000000100000000, 0x0000000100000000)
  eden space 243712K, 100% used [0x00000000eab00000,0x00000000f9900000,0x00000000f9900000)
  from space 36352K, 33% used [0x00000000f9900000,0x00000000fa506200,0x00000000fbc80000)
  to   space 55808K, 0% used [0x00000000fc980000,0x00000000fc980000,0x0000000100000000)
 ParOldGen       total 205824K, used 131506K [0x00000000c0000000, 0x00000000cc900000, 0x00000000eab00000)
  object space 205824K, 63% used [0x00000000c0000000,0x00000000c806c950,0x00000000cc900000)
 Metaspace       used 6511K, capacity 7256K, committed 7424K, reserved 1056768K
  class space    used 614K, capacity 656K, committed 768K, reserved 1048576K
Event: 9,245 GC heap after
Heap after GC invocations=15 (full 3):
 PSYoungGen      total 289280K, used 34914K [0x00000000eab00000, 0x0000000100000000, 0x0000000100000000)
  eden space 233472K, 0% used [0x00000000eab00000,0x00000000eab00000,0x00000000f8f00000)
  from space 55808K, 62% used [0x00000000fc980000,0x00000000feb98970,0x0000000100000000)
  to   space 57856K, 0% used [0x00000000f8f00000,0x00000000f8f00000,0x00000000fc780000)
 ParOldGen       total 205824K, used 142318K [0x00000000c0000000, 0x00000000cc900000, 0x00000000eab00000)
  object space 205824K, 69% used [0x00000000c0000000,0x00000000c8afb9b8,0x00000000cc900000)
 Metaspace       used 6511K, capacity 7256K, committed 7424K, reserved 1056768K
  class space    used 614K, capacity 656K, committed 768K, reserved 1048576K
}
Event: 10,098 GC heap before
{Heap before GC invocations=16 (full 3):
 PSYoungGen      total 289280K, used 268386K [0x00000000eab00000, 0x0000000100000000, 0x0000000100000000)
  eden space 233472K, 100% used [0x00000000eab00000,0x00000000f8f00000,0x00000000f8f00000)
  from space 55808K, 62% used [0x00000000fc980000,0x00000000feb98970,0x0000000100000000)
  to   space 57856K, 0% used [0x00000000f8f00000,0x00000000f8f00000,0x00000000fc780000)
 ParOldGen       total 205824K, used 142318K [0x00000000c0000000, 0x00000000cc900000, 0x00000000eab00000)
  object space 205824K, 69% used [0x00000000c0000000,0x00000000c8afb9b8,0x00000000cc900000)
 Metaspace       used 6513K, capacity 7256K, committed 7424K, reserved 1056768K
  class space    used 614K, capacity 656K, committed 768K, reserved 1048576K
Event: 10,213 GC heap after
Heap after GC invocations=16 (full 3):
 PSYoungGen      total 291328K, used 57829K [0x00000000eab00000, 0x0000000100000000, 0x0000000100000000)
  eden space 233472K, 0% used [0x00000000eab00000,0x00000000eab00000,0x00000000f8f00000)
  from space 57856K, 99% used [0x00000000f8f00000,0x00000000fc779658,0x00000000fc780000)
  to   space 57856K, 0% used [0x00000000fc780000,0x00000000fc780000,0x0000000100000000)
 ParOldGen       total 205824K, used 154484K [0x00000000c0000000, 0x00000000cc900000, 0x00000000eab00000)
  object space 205824K, 75% used [0x00000000c0000000,0x00000000c96dd240,0x00000000cc900000)
 Metaspace       used 6513K, capacity 7256K, committed 7424K, reserved 1056768K
  class space    used 614K, capacity 656K, committed 768K, reserved 1048576K
}
Event: 10,934 GC heap before
{Heap before GC invocations=17 (full 3):
 PSYoungGen      total 291328K, used 291301K [0x00000000eab00000, 0x0000000100000000, 0x0000000100000000)
  eden space 233472K, 100% used [0x00000000eab00000,0x00000000f8f00000,0x00000000f8f00000)
  from space 57856K, 99% used [0x00000000f8f00000,0x00000000fc779658,0x00000000fc780000)
  to   space 57856K, 0% used [0x00000000fc780000,0x00000000fc780000,0x0000000100000000)
 ParOldGen       total 205824K, used 154484K [0x00000000c0000000, 0x00000000cc900000, 0x00000000eab00000)
  object space 205824K, 75% used [0x00000000c0000000,0x00000000c96dd240,0x00000000cc900000)
 Metaspace       used 6535K, capacity 7320K, committed 7680K, reserved 1056768K
  class space    used 614K, capacity 656K, committed 768K, reserved 1048576K
Event: 11,148 GC heap after
Heap after GC invocations=17 (full 3):
 PSYoungGen      total 266752K, used 33734K [0x00000000eab00000, 0x0000000100000000, 0x0000000100000000)
  eden space 208896K, 0% used [0x00000000eab00000,0x00000000eab00000,0x00000000f7700000)
  from space 57856K, 58% used [0x00000000fc780000,0x00000000fe871bf8,0x0000000100000000)
  to   space 70144K, 0% used [0x00000000f7700000,0x00000000f7700000,0x00000000fbb80000)
 ParOldGen       total 212480K, used 211942K [0x00000000c0000000, 0x00000000ccf80000, 0x00000000eab00000)
  object space 212480K, 99% used [0x00000000c0000000,0x00000000ccef99e8,0x00000000ccf80000)
 Metaspace       used 6535K, capacity 7320K, committed 7680K, reserved 1056768K
  class space    used 614K, capacity 656K, committed 768K, reserved 1048576K
}
Event: 11,148 GC heap before
{Heap before GC invocations=18 (full 4):
 PSYoungGen      total 266752K, used 33734K [0x00000000eab00000, 0x0000000100000000, 0x0000000100000000)
  eden space 208896K, 0% used [0x00000000eab00000,0x00000000eab00000,0x00000000f7700000)
  from space 57856K, 58% used [0x00000000fc780000,0x00000000fe871bf8,0x0000000100000000)
  to   space 70144K, 0% used [0x00000000f7700000,0x00000000f7700000,0x00000000fbb80000)
 ParOldGen       total 212480K, used 211942K [0x00000000c0000000, 0x00000000ccf80000, 0x00000000eab00000)
  object space 212480K, 99% used [0x00000000c0000000,0x00000000ccef99e8,0x00000000ccf80000)
 Metaspace       used 6535K, capacity 7320K, committed 7680K, reserved 1056768K
  class space    used 614K, capacity 656K, committed 768K, reserved 1048576K

Deoptimization events (10 events):
Event: 4,855 Thread 0x00007f89a81bd000 Uncommon trap: reason=class_check action=maybe_recompile pc=0x00007f899982d20c method=com.android.dx.rop.code.RegisterSpec.withSimpleType()Lcom/android/dx/rop/code/RegisterSpec; @ 21
Event: 4,870 Thread 0x00007f89a81bf000 Uncommon trap: reason=unstable_if action=reinterpret pc=0x00007f89997d4b78 method=com.android.dx.rop.code.RegisterSpec.intersect(Lcom/android/dx/rop/code/RegisterSpec;Z)Lcom/android/dx/rop/code/RegisterSpec; @ 42
Event: 5,214 Thread 0x00007f89a81bf000 Uncommon trap: reason=unstable_if action=reinterpret pc=0x00007f899974b9fc method=com.android.dx.ssa.SCCP.simulateBranch(Lcom/android/dx/ssa/SsaInsn;)V @ 548
Event: 5,673 Thread 0x00007f89a81bd000 Uncommon trap: reason=bimorphic action=maybe_recompile pc=0x00007f89998b4088 method=com.android.dx.cf.code.BytecodeArray.parseInstruction(ILcom/android/dx/cf/code/BytecodeArray$Visitor;)I @ 1357
Event: 5,674 Thread 0x00007f89a81bd000 Uncommon trap: reason=bimorphic action=maybe_recompile pc=0x00007f89998b4088 method=com.android.dx.cf.code.BytecodeArray.parseInstruction(ILcom/android/dx/cf/code/BytecodeArray$Visitor;)I @ 1357
Event: 6,804 Thread 0x00007f89a81bd000 Uncommon trap: reason=unstable_if action=reinterpret pc=0x00007f899959fb88 method=com.android.dx.dex.code.OutputFinisher.hasLocalInfo(Lcom/android/dx/dex/code/DalvInsn;)Z @ 24
Event: 6,878 Thread 0x00007f89a81b8000 Uncommon trap: reason=unstable_if action=reinterpret pc=0x00007f899992a7f4 method=com.android.dx.rop.code.RegisterSpecSet.localItemToSpec(Lcom/android/dx/rop/code/LocalItem;)Lcom/android/dx/rop/code/RegisterSpec; @ 35
Event: 8,872 Thread 0x00007f89a81bb800 Uncommon trap: reason=unstable_if action=reinterpret pc=0x00007f89999a0ad8 method=com.android.dx.ssa.SCCP.simulateBranch(Lcom/android/dx/ssa/SsaInsn;)V @ 140
Event: 10,083 Thread 0x00007f89a81bd000 Uncommon trap: reason=unstable_if action=reinterpret pc=0x00007f89994e8870 method=java.util.HashMap.putVal(ILjava/lang/Object;Ljava/lang/Object;ZZ)Ljava/lang/Object; @ 162
Event: 10,438 Thread 0x00007f89a800a000 Uncommon trap: reason=unstable_if action=reinterpret pc=0x00007f8999970934 method=com.android.dx.cf.code.ByteCatchList.listFor(I)Lcom/android/dx/cf/code/ByteCatchList; @ 47

Internal exceptions (5 events):
Event: 0,072 Thread 0x00007f89a800a000 Exception <a 'java/lang/NoSuchMethodError': Method sun.misc.Unsafe.defineClass(Ljava/lang/String;[BII)Ljava/lang/Class; name or signature does not match> (0x00000000eab12b98) thrown at [/HUDSON/workspace/8-2-build-linux-amd64/jdk8u66/4988/hotspot/src/shar
Event: 0,072 Thread 0x00007f89a800a000 Exception <a 'java/lang/NoSuchMethodError': Method sun.misc.Unsafe.prefetchRead(Ljava/lang/Object;J)V name or signature does not match> (0x00000000eab12e80) thrown at [/HUDSON/workspace/8-2-build-linux-amd64/jdk8u66/4988/hotspot/src/share/vm/prims/jni.cpp
Event: 2,542 Thread 0x00007f89a81bd000 Exception <a 'java/lang/ArrayIndexOutOfBoundsException': 18> (0x00000000ef8ed040) thrown at [/HUDSON/workspace/8-2-build-linux-amd64/jdk8u66/4988/hotspot/src/share/vm/interpreter/interpreterRuntime.cpp, line 366]
Event: 2,543 Thread 0x00007f89a81bd000 Exception <a 'java/lang/ArrayIndexOutOfBoundsException': 145> (0x00000000ef8eebc0) thrown at [/HUDSON/workspace/8-2-build-linux-amd64/jdk8u66/4988/hotspot/src/share/vm/interpreter/interpreterRuntime.cpp, line 366]
Event: 2,545 Thread 0x00007f89a81bd000 Exception <a 'java/lang/ArrayIndexOutOfBoundsException': 40> (0x00000000efb86f10) thrown at [/HUDSON/workspace/8-2-build-linux-amd64/jdk8u66/4988/hotspot/src/share/vm/interpreter/interpreterRuntime.cpp, line 366]

Events (10 events):
Event: 10,095 Executing VM operation: ParallelGCFailedAllocation
Event: 10,213 Executing VM operation: ParallelGCFailedAllocation done
Event: 10,236 Thread 0x00007f89a81bf000 DEOPT PACKING pc=0x00007f8999a1ad1d sp=0x00007f8995c8a960
Event: 10,236 Thread 0x00007f89a81bf000 DEOPT UNPACKING pc=0x00007f8999047633 sp=0x00007f8995c8a6f0 mode 0
Event: 10,312 Thread 0x00007f89a81bb800 DEOPT PACKING pc=0x00007f899976a7a6 sp=0x00007f8995e8ca50
Event: 10,312 Thread 0x00007f89a81bb800 DEOPT UNPACKING pc=0x00007f8999047633 sp=0x00007f8995e8c760 mode 0
Event: 10,438 Thread 0x00007f89a800a000 Uncommon trap: trap_request=0xffffff65 fr.pc=0x00007f8999970934
Event: 10,438 Thread 0x00007f89a800a000 DEOPT PACKING pc=0x00007f8999970934 sp=0x00007f89b18e5670
Event: 10,438 Thread 0x00007f89a800a000 DEOPT UNPACKING pc=0x00007f8999005229 sp=0x00007f89b18e54e0 mode 2
Event: 10,934 Executing VM operation: ParallelGCFailedAllocation


Dynamic libraries:
00400000-00401000 r-xp 00000000 08:05 399375                             /usr/lib/jvm/java-8-oracle/bin/java
00600000-00601000 rw-p 00000000 08:05 399375                             /usr/lib/jvm/java-8-oracle/bin/java
0079f000-007c0000 rw-p 00000000 00:00 0                                  [heap]
c0000000-ccf80000 rw-p 00000000 00:00 0 
d3580000-eab00000 ---p 00000000 00:00 0 
eab00000-100000000 rw-p 00000000 00:00 0 
100000000-1000c0000 rw-p 00000000 00:00 0 
1000c0000-140000000 ---p 00000000 00:00 0 
7f8948000000-7f8948021000 rw-p 00000000 00:00 0 
7f8948021000-7f894c000000 ---p 00000000 00:00 0 
7f894c000000-7f894c022000 rw-p 00000000 00:00 0 
7f894c022000-7f8950000000 ---p 00000000 00:00 0 
7f8950000000-7f8950021000 rw-p 00000000 00:00 0 
7f8950021000-7f8954000000 ---p 00000000 00:00 0 
7f8954000000-7f8954021000 rw-p 00000000 00:00 0 
7f8954021000-7f8958000000 ---p 00000000 00:00 0 
7f8958000000-7f8958021000 rw-p 00000000 00:00 0 
7f8958021000-7f895c000000 ---p 00000000 00:00 0 
7f895c000000-7f895c021000 rw-p 00000000 00:00 0 
7f895c021000-7f8960000000 ---p 00000000 00:00 0 
7f8960000000-7f8960c73000 rw-p 00000000 00:00 0 
7f8960c73000-7f8964000000 ---p 00000000 00:00 0 
7f8964000000-7f8964021000 rw-p 00000000 00:00 0 
7f8964021000-7f8968000000 ---p 00000000 00:00 0 
7f8968000000-7f896941a000 rw-p 00000000 00:00 0 
7f896941a000-7f896c000000 ---p 00000000 00:00 0 
7f896c000000-7f896d19c000 rw-p 00000000 00:00 0 
7f896d19c000-7f8970000000 ---p 00000000 00:00 0 
7f8970000000-7f8970021000 rw-p 00000000 00:00 0 
7f8970021000-7f8974000000 ---p 00000000 00:00 0 
7f8974000000-7f8974021000 rw-p 00000000 00:00 0 
7f8974021000-7f8978000000 ---p 00000000 00:00 0 
7f8978000000-7f89782bd000 rw-p 00000000 00:00 0 
7f89782bd000-7f897c000000 ---p 00000000 00:00 0 
7f897c000000-7f897c021000 rw-p 00000000 00:00 0 
7f897c021000-7f8980000000 ---p 00000000 00:00 0 
7f8980000000-7f8980021000 rw-p 00000000 00:00 0 
7f8980021000-7f8984000000 ---p 00000000 00:00 0 
7f8984000000-7f8984021000 rw-p 00000000 00:00 0 
7f8984021000-7f8988000000 ---p 00000000 00:00 0 
7f8988000000-7f8988021000 rw-p 00000000 00:00 0 
7f8988021000-7f898c000000 ---p 00000000 00:00 0 
7f8990000000-7f8990021000 rw-p 00000000 00:00 0 
7f8990021000-7f8994000000 ---p 00000000 00:00 0 
7f8995b8c000-7f8995b8f000 ---p 00000000 00:00 0 
7f8995b8f000-7f8995c8d000 rw-p 00000000 00:00 0                          [stack:24699]
7f8995c8d000-7f8995c90000 ---p 00000000 00:00 0 
7f8995c90000-7f8995d8e000 rw-p 00000000 00:00 0                          [stack:24698]
7f8995d8e000-7f8995d91000 ---p 00000000 00:00 0 
7f8995d91000-7f8995e8f000 rw-p 00000000 00:00 0                          [stack:24697]
7f8995e8f000-7f8995e92000 ---p 00000000 00:00 0 
7f8995e92000-7f8995f90000 rw-p 00000000 00:00 0                          [stack:24696]
7f8995f90000-7f8995f93000 ---p 00000000 00:00 0 
7f8995f93000-7f8996091000 rw-p 00000000 00:00 0                          [stack:24695]
7f8996091000-7f89960e6000 r--s 00427000 08:05 4326961                    /home/german/Development/VKastFM/app/build/intermediates/multi-dex/debug/allclasses.jar
7f89960e6000-7f89960e7000 ---p 00000000 00:00 0 
7f89960e7000-7f89961e7000 rw-p 00000000 00:00 0                          [stack:24694]
7f89961e7000-7f89961ea000 ---p 00000000 00:00 0 
7f89961ea000-7f89962e8000 rw-p 00000000 00:00 0                          [stack:24693]
7f89962e8000-7f89962eb000 ---p 00000000 00:00 0 
7f89962eb000-7f89963e9000 rw-p 00000000 00:00 0                          [stack:24692]
7f89963e9000-7f89963ec000 ---p 00000000 00:00 0 
7f89963ec000-7f89964ea000 rw-p 00000000 00:00 0                          [stack:24691]
7f89964ea000-7f89964ed000 ---p 00000000 00:00 0 
7f89964ed000-7f89965eb000 rw-p 00000000 00:00 0                          [stack:24690]
7f89965eb000-7f89965ee000 ---p 00000000 00:00 0 
7f89965ee000-7f89966ec000 rw-p 00000000 00:00 0                          [stack:24689]
7f89966ec000-7f8996eff000 r--p 00000000 08:05 138251                     /usr/lib/locale/locale-archive
7f8996eff000-7f8996f02000 ---p 00000000 00:00 0 
7f8996f02000-7f8999000000 rw-p 00000000 00:00 0                          [stack:24688]
7f8999000000-7f8999a70000 rwxp 00000000 00:00 0 
7f8999a70000-7f89a8000000 ---p 00000000 00:00 0 
7f89a8000000-7f89a83ac000 rw-p 00000000 00:00 0 
7f89a83ac000-7f89ac000000 ---p 00000000 00:00 0 
7f89ac046000-7f89ac055000 r--s 000df000 08:05 1204518                    /home/german/Android/Sdk/build-tools/23.0.2/lib/dx.jar
7f89ac055000-7f89ac058000 ---p 00000000 00:00 0 
7f89ac058000-7f89ac156000 rw-p 00000000 00:00 0                          [stack:24687]
7f89ac156000-7f89ac157000 ---p 00000000 00:00 0 
7f89ac157000-7f89ad20b000 rw-p 00000000 00:00 0                          [stack:24686]
7f89ad20b000-7f89ad3e4000 r--s 03d20000 08:05 792064                     /usr/lib/jvm/java-8-oracle/jre/lib/rt.jar
7f89ad3e4000-7f89adb1a000 rw-p 00000000 00:00 0 
7f89adb1a000-7f89adc5a000 ---p 00000000 00:00 0 
7f89adc5a000-7f89ade5a000 rw-p 00000000 00:00 0 
7f89ade5a000-7f89ade5b000 ---p 00000000 00:00 0 
7f89ade5b000-7f89adf5b000 rw-p 00000000 00:00 0                          [stack:24685]
7f89adf5b000-7f89adf5c000 ---p 00000000 00:00 0 
7f89adf5c000-7f89ae05c000 rw-p 00000000 00:00 0                          [stack:24684]
7f89ae05c000-7f89ae05d000 ---p 00000000 00:00 0 
7f89ae05d000-7f89ae15d000 rw-p 00000000 00:00 0                          [stack:24683]
7f89ae15d000-7f89ae15e000 ---p 00000000 00:00 0 
7f89ae15e000-7f89ae2c6000 rw-p 00000000 00:00 0                          [stack:24682]
7f89ae2c6000-7f89ae3b4000 ---p 00000000 00:00 0 
7f89ae3b4000-7f89ae41c000 rw-p 00000000 00:00 0 
7f89ae41c000-7f89ae509000 ---p 00000000 00:00 0 
7f89ae509000-7f89ae5b4000 rw-p 00000000 00:00 0 
7f89ae5b4000-7f89ae5df000 rw-p 00000000 00:00 0 
7f89ae5df000-7f89ae975000 ---p 00000000 00:00 0 
7f89ae975000-7f89ae98f000 r-xp 00000000 08:05 792088                     /usr/lib/jvm/java-8-oracle/jre/lib/amd64/libzip.so
7f89ae98f000-7f89aeb8f000 ---p 0001a000 08:05 792088                     /usr/lib/jvm/java-8-oracle/jre/lib/amd64/libzip.so
7f89aeb8f000-7f89aeb90000 rw-p 0001a000 08:05 792088                     /usr/lib/jvm/java-8-oracle/jre/lib/amd64/libzip.so
7f89aeb90000-7f89aeb9b000 r-xp 00000000 08:05 1970430                    /lib/x86_64-linux-gnu/libnss_files-2.19.so
7f89aeb9b000-7f89aed9a000 ---p 0000b000 08:05 1970430                    /lib/x86_64-linux-gnu/libnss_files-2.19.so
7f89aed9a000-7f89aed9b000 r--p 0000a000 08:05 1970430                    /lib/x86_64-linux-gnu/libnss_files-2.19.so
7f89aed9b000-7f89aed9c000 rw-p 0000b000 08:05 1970430                    /lib/x86_64-linux-gnu/libnss_files-2.19.so
7f89aed9c000-7f89aeda7000 r-xp 00000000 08:05 1970440                    /lib/x86_64-linux-gnu/libnss_nis-2.19.so
7f89aeda7000-7f89aefa6000 ---p 0000b000 08:05 1970440                    /lib/x86_64-linux-gnu/libnss_nis-2.19.so
7f89aefa6000-7f89aefa7000 r--p 0000a000 08:05 1970440                    /lib/x86_64-linux-gnu/libnss_nis-2.19.so
7f89aefa7000-7f89aefa8000 rw-p 0000b000 08:05 1970440                    /lib/x86_64-linux-gnu/libnss_nis-2.19.so
7f89aefa8000-7f89aefbf000 r-xp 00000000 08:05 1970424                    /lib/x86_64-linux-gnu/libnsl-2.19.so
7f89aefbf000-7f89af1be000 ---p 00017000 08:05 1970424                    /lib/x86_64-linux-gnu/libnsl-2.19.so
7f89af1be000-7f89af1bf000 r--p 00016000 08:05 1970424                    /lib/x86_64-linux-gnu/libnsl-2.19.so
7f89af1bf000-7f89af1c0000 rw-p 00017000 08:05 1970424                    /lib/x86_64-linux-gnu/libnsl-2.19.so
7f89af1c0000-7f89af1c2000 rw-p 00000000 00:00 0 
7f89af1c2000-7f89af1cb000 r-xp 00000000 08:05 1970426                    /lib/x86_64-linux-gnu/libnss_compat-2.19.so
7f89af1cb000-7f89af3ca000 ---p 00009000 08:05 1970426                    /lib/x86_64-linux-gnu/libnss_compat-2.19.so
7f89af3ca000-7f89af3cb000 r--p 00008000 08:05 1970426                    /lib/x86_64-linux-gnu/libnss_compat-2.19.so
7f89af3cb000-7f89af3cc000 rw-p 00009000 08:05 1970426                    /lib/x86_64-linux-gnu/libnss_compat-2.19.so
7f89af3cc000-7f89af3f6000 r-xp 00000000 08:05 792128                     /usr/lib/jvm/java-8-oracle/jre/lib/amd64/libjava.so
7f89af3f6000-7f89af5f6000 ---p 0002a000 08:05 792128                     /usr/lib/jvm/java-8-oracle/jre/lib/amd64/libjava.so
7f89af5f6000-7f89af5f8000 rw-p 0002a000 08:05 792128                     /usr/lib/jvm/java-8-oracle/jre/lib/amd64/libjava.so
7f89af5f8000-7f89af605000 r-xp 00000000 08:05 792101                     /usr/lib/jvm/java-8-oracle/jre/lib/amd64/libverify.so
7f89af605000-7f89af805000 ---p 0000d000 08:05 792101                     /usr/lib/jvm/java-8-oracle/jre/lib/amd64/libverify.so
7f89af805000-7f89af807000 rw-p 0000d000 08:05 792101                     /usr/lib/jvm/java-8-oracle/jre/lib/amd64/libverify.so
7f89af807000-7f89af80e000 r-xp 00000000 08:05 1970483                    /lib/x86_64-linux-gnu/librt-2.19.so
7f89af80e000-7f89afa0d000 ---p 00007000 08:05 1970483                    /lib/x86_64-linux-gnu/librt-2.19.so
7f89afa0d000-7f89afa0e000 r--p 00006000 08:05 1970483                    /lib/x86_64-linux-gnu/librt-2.19.so
7f89afa0e000-7f89afa0f000 rw-p 00007000 08:05 1970483                    /lib/x86_64-linux-gnu/librt-2.19.so
7f89afa0f000-7f89afb14000 r-xp 00000000 08:05 1970405                    /lib/x86_64-linux-gnu/libm-2.19.so
7f89afb14000-7f89afd13000 ---p 00105000 08:05 1970405                    /lib/x86_64-linux-gnu/libm-2.19.so
7f89afd13000-7f89afd14000 r--p 00104000 08:05 1970405                    /lib/x86_64-linux-gnu/libm-2.19.so
7f89afd14000-7f89afd15000 rw-p 00105000 08:05 1970405                    /lib/x86_64-linux-gnu/libm-2.19.so
7f89afd15000-7f89b09d3000 r-xp 00000000 08:05 792112                     /usr/lib/jvm/java-8-oracle/jre/lib/amd64/server/libjvm.so
7f89b09d3000-7f89b0bd2000 ---p 00cbe000 08:05 792112                     /usr/lib/jvm/java-8-oracle/jre/lib/amd64/server/libjvm.so
7f89b0bd2000-7f89b0cab000 rw-p 00cbd000 08:05 792112                     /usr/lib/jvm/java-8-oracle/jre/lib/amd64/server/libjvm.so
7f89b0cab000-7f89b0cef000 rw-p 00000000 00:00 0 
7f89b0cef000-7f89b0eaa000 r-xp 00000000 08:05 1970355                    /lib/x86_64-linux-gnu/libc-2.19.so
7f89b0eaa000-7f89b10a9000 ---p 001bb000 08:05 1970355                    /lib/x86_64-linux-gnu/libc-2.19.so
7f89b10a9000-7f89b10ad000 r--p 001ba000 08:05 1970355                    /lib/x86_64-linux-gnu/libc-2.19.so
7f89b10ad000-7f89b10af000 rw-p 001be000 08:05 1970355                    /lib/x86_64-linux-gnu/libc-2.19.so
7f89b10af000-7f89b10b4000 rw-p 00000000 00:00 0 
7f89b10b4000-7f89b10b7000 r-xp 00000000 08:05 1970372                    /lib/x86_64-linux-gnu/libdl-2.19.so
7f89b10b7000-7f89b12b6000 ---p 00003000 08:05 1970372                    /lib/x86_64-linux-gnu/libdl-2.19.so
7f89b12b6000-7f89b12b7000 r--p 00002000 08:05 1970372                    /lib/x86_64-linux-gnu/libdl-2.19.so
7f89b12b7000-7f89b12b8000 rw-p 00003000 08:05 1970372                    /lib/x86_64-linux-gnu/libdl-2.19.so
7f89b12b8000-7f89b12cd000 r-xp 00000000 08:05 532117                     /usr/lib/jvm/java-8-oracle/lib/amd64/jli/libjli.so
7f89b12cd000-7f89b14cd000 ---p 00015000 08:05 532117                     /usr/lib/jvm/java-8-oracle/lib/amd64/jli/libjli.so
7f89b14cd000-7f89b14ce000 rw-p 00015000 08:05 532117                     /usr/lib/jvm/java-8-oracle/lib/amd64/jli/libjli.so
7f89b14ce000-7f89b14e7000 r-xp 00000000 08:05 1970475                    /lib/x86_64-linux-gnu/libpthread-2.19.so
7f89b14e7000-7f89b16e6000 ---p 00019000 08:05 1970475                    /lib/x86_64-linux-gnu/libpthread-2.19.so
7f89b16e6000-7f89b16e7000 r--p 00018000 08:05 1970475                    /lib/x86_64-linux-gnu/libpthread-2.19.so
7f89b16e7000-7f89b16e8000 rw-p 00019000 08:05 1970475                    /lib/x86_64-linux-gnu/libpthread-2.19.so
7f89b16e8000-7f89b16ec000 rw-p 00000000 00:00 0 
7f89b16ec000-7f89b170f000 r-xp 00000000 08:05 1970331                    /lib/x86_64-linux-gnu/ld-2.19.so
7f89b1715000-7f89b17e7000 rw-p 00000000 00:00 0 
7f89b17e7000-7f89b17ea000 ---p 00000000 00:00 0 
7f89b17ea000-7f89b18ec000 rw-p 00000000 00:00 0                          [stack:24681]
7f89b18ed000-7f89b1902000 rw-p 00000000 00:00 0 
7f89b1902000-7f89b190a000 rw-s 00000000 08:05 3940205                    /tmp/hsperfdata_german/24676
7f89b190a000-7f89b190b000 rw-p 00000000 00:00 0 
7f89b190b000-7f89b190c000 ---p 00000000 00:00 0 
7f89b190c000-7f89b190e000 rw-p 00000000 00:00 0 
7f89b190e000-7f89b190f000 r--p 00022000 08:05 1970331                    /lib/x86_64-linux-gnu/ld-2.19.so
7f89b190f000-7f89b1910000 rw-p 00023000 08:05 1970331                    /lib/x86_64-linux-gnu/ld-2.19.so
7f89b1910000-7f89b1911000 rw-p 00000000 00:00 0 
7ffe56118000-7ffe56139000 rw-p 00000000 00:00 0                          [stack]
7ffe56159000-7ffe5615b000 r--p 00000000 00:00 0                          [vvar]
7ffe5615b000-7ffe5615d000 r-xp 00000000 00:00 0                          [vdso]
ffffffffff600000-ffffffffff601000 r-xp 00000000 00:00 0                  [vsyscall]

VM Arguments:
jvm_args: -Xmx1024M -Dfile.encoding=UTF-8 -Duser.country=US -Duser.language=en -Duser.variant 
java_command: com.android.dx.command.Main --dex --num-threads=4 --multi-dex --main-dex-list /home/german/Development/VKastFM/app/build/intermediates/multi-dex/debug/maindexlist.txt --output /home/german/Development/VKastFM/app/build/intermediates/dex/debug /home/german/Development/VKastFM/app/build/intermediates/multi-dex/debug/allclasses.jar
java_class_path (initial): /home/german/Android/Sdk/build-tools/23.0.2/lib/dx.jar
Launcher Type: SUN_STANDARD

Environment Variables:
PATH=/usr/local/sbin:/usr/local/bin:/usr/sbin:/usr/bin:/sbin:/bin:/usr/games:/usr/local/games
LD_LIBRARY_PATH=/home/german/android-studio/bin:
SHELL=/bin/bash
DISPLAY=:0

Signal Handlers:
SIGSEGV: [libjvm.so+0xaba2a0], sa_mask[0]=11111111011111111101111111111110, sa_flags=SA_RESTART|SA_SIGINFO
SIGBUS: [libjvm.so+0xaba2a0], sa_mask[0]=11111111011111111101111111111110, sa_flags=SA_RESTART|SA_SIGINFO
SIGFPE: [libjvm.so+0x917710], sa_mask[0]=11111111011111111101111111111110, sa_flags=SA_RESTART|SA_SIGINFO
SIGPIPE: [libjvm.so+0x917710], sa_mask[0]=11111111011111111101111111111110, sa_flags=SA_RESTART|SA_SIGINFO
SIGXFSZ: [libjvm.so+0x917710], sa_mask[0]=11111111011111111101111111111110, sa_flags=SA_RESTART|SA_SIGINFO
SIGILL: [libjvm.so+0x917710], sa_mask[0]=11111111011111111101111111111110, sa_flags=SA_RESTART|SA_SIGINFO
SIGUSR1: SIG_DFL, sa_mask[0]=00000000000000000000000000000000, sa_flags=none
SIGUSR2: [libjvm.so+0x918d40], sa_mask[0]=00100000000000000000000000000000, sa_flags=SA_RESTART|SA_SIGINFO
SIGHUP: [libjvm.so+0x91a140], sa_mask[0]=11111111011111111101111111111110, sa_flags=SA_RESTART|SA_SIGINFO
SIGINT: [libjvm.so+0x91a140], sa_mask[0]=11111111011111111101111111111110, sa_flags=SA_RESTART|SA_SIGINFO
SIGTERM: [libjvm.so+0x91a140], sa_mask[0]=11111111011111111101111111111110, sa_flags=SA_RESTART|SA_SIGINFO
SIGQUIT: [libjvm.so+0x91a140], sa_mask[0]=11111111011111111101111111111110, sa_flags=SA_RESTART|SA_SIGINFO


---------------  S Y S T E M  ---------------

OS:DISTRIB_ID=Ubuntu
DISTRIB_RELEASE=14.04
DISTRIB_CODENAME=trusty
DISTRIB_DESCRIPTION="Ubuntu 14.04.3 LTS"

uname:Linux 3.19.0-42-generic #48~14.04.1-Ubuntu SMP Fri Dec 18 10:24:49 UTC 2015 x86_64
libc:glibc 2.19 NPTL 2.19 
rlimit: STACK 8192k, CORE 0k, NPROC 14532, NOFILE 4096, AS infinity
load average:1,99 0,93 0,70

/proc/meminfo:
MemTotal:        3741648 kB
MemFree:          102480 kB
MemAvailable:      56860 kB
Buffers:            1108 kB
Cached:           176448 kB
SwapCached:         4940 kB
Active:          2615580 kB
Inactive:         822388 kB
Active(anon):    2608724 kB
Inactive(anon):   791656 kB
Active(file):       6856 kB
Inactive(file):    30732 kB
Unevictable:          96 kB
Mlocked:              96 kB
SwapTotal:       1892348 kB
SwapFree:              8 kB
Dirty:                28 kB
Writeback:             0 kB
AnonPages:       3258716 kB
Mapped:            86480 kB
Shmem:            138572 kB
Slab:              83736 kB
SReclaimable:      40096 kB
SUnreclaim:        43640 kB
KernelStack:       12736 kB
PageTables:        61420 kB
NFS_Unstable:          0 kB
Bounce:                0 kB
WritebackTmp:          0 kB
CommitLimit:     3763172 kB
Committed_AS:   11642924 kB
VmallocTotal:   34359738367 kB
VmallocUsed:      351060 kB
VmallocChunk:   34359290708 kB
HardwareCorrupted:     0 kB
AnonHugePages:    262144 kB
CmaTotal:              0 kB
CmaFree:               0 kB
HugePages_Total:       0
HugePages_Free:        0
HugePages_Rsvd:        0
HugePages_Surp:        0
Hugepagesize:       2048 kB
DirectMap4k:      350248 kB
DirectMap2M:     3534848 kB


CPU:total 4 (2 cores per cpu, 2 threads per core) family 6 model 58 stepping 9, cmov, cx8, fxsr, mmx, sse, sse2, sse3, ssse3, sse4.1, sse4.2, popcnt, avx, aes, clmul, erms, ht, tsc, tscinvbit, tscinv

/proc/cpuinfo:
processor	: 0
vendor_id	: GenuineIntel
cpu family	: 6
model		: 58
model name	: Intel(R) Core(TM) i5-3210M CPU @ 2.50GHz
stepping	: 9
microcode	: 0x1b
cpu MHz		: 2900.000
cache size	: 3072 KB
physical id	: 0
siblings	: 4
core id		: 0
cpu cores	: 2
apicid		: 0
initial apicid	: 0
fpu		: yes
fpu_exception	: yes
cpuid level	: 13
wp		: yes
flags		: fpu vme de pse tsc msr pae mce cx8 apic sep mtrr pge mca cmov pat pse36 clflush dts acpi mmx fxsr sse sse2 ss ht tm pbe syscall nx rdtscp lm constant_tsc arch_perfmon pebs bts rep_good nopl xtopology nonstop_tsc aperfmperf eagerfpu pni pclmulqdq dtes64 monitor ds_cpl vmx est tm2 ssse3 cx16 xtpr pdcm pcid sse4_1 sse4_2 x2apic popcnt tsc_deadline_timer aes xsave avx f16c rdrand lahf_lm ida arat epb pln pts dtherm tpr_shadow vnmi flexpriority ept vpid fsgsbase smep erms xsaveopt
bugs		:
bogomips	: 4988.82
clflush size	: 64
cache_alignment	: 64
address sizes	: 36 bits physical, 48 bits virtual
power management:

processor	: 1
vendor_id	: GenuineIntel
cpu family	: 6
model		: 58
model name	: Intel(R) Core(TM) i5-3210M CPU @ 2.50GHz
stepping	: 9
microcode	: 0x1b
cpu MHz		: 2899.902
cache size	: 3072 KB
physical id	: 0
siblings	: 4
core id		: 0
cpu cores	: 2
apicid		: 1
initial apicid	: 1
fpu		: yes
fpu_exception	: yes
cpuid level	: 13
wp		: yes
flags		: fpu vme de pse tsc msr pae mce cx8 apic sep mtrr pge mca cmov pat pse36 clflush dts acpi mmx fxsr sse sse2 ss ht tm pbe syscall nx rdtscp lm constant_tsc arch_perfmon pebs bts rep_good nopl xtopology nonstop_tsc aperfmperf eagerfpu pni pclmulqdq dtes64 monitor ds_cpl vmx est tm2 ssse3 cx16 xtpr pdcm pcid sse4_1 sse4_2 x2apic popcnt tsc_deadline_timer aes xsave avx f16c rdrand lahf_lm ida arat epb pln pts dtherm tpr_shadow vnmi flexpriority ept vpid fsgsbase smep erms xsaveopt
bugs		:
bogomips	: 4988.82
clflush size	: 64
cache_alignment	: 64
address sizes	: 36 bits physical, 48 bits virtual
power management:

processor	: 2
vendor_id	: GenuineIntel
cpu family	: 6
model		: 58
model name	: Intel(R) Core(TM) i5-3210M CPU @ 2.50GHz
stepping	: 9
microcode	: 0x1b
cpu MHz		: 2899.902
cache size	: 3072 KB
physical id	: 0
siblings	: 4
core id		: 1
cpu cores	: 2
apicid		: 2
initial apicid	: 2
fpu		: yes
fpu_exception	: yes
cpuid level	: 13
wp		: yes
flags		: fpu vme de pse tsc msr pae mce cx8 apic sep mtrr pge mca cmov pat pse36 clflush dts acpi mmx fxsr sse sse2 ss ht tm pbe syscall nx rdtscp lm constant_tsc arch_perfmon pebs bts rep_good nopl xtopology nonstop_tsc aperfmperf eagerfpu pni pclmulqdq dtes64 monitor ds_cpl vmx est tm2 ssse3 cx16 xtpr pdcm pcid sse4_1 sse4_2 x2apic popcnt tsc_deadline_timer aes xsave avx f16c rdrand lahf_lm ida arat epb pln pts dtherm tpr_shadow vnmi flexpriority ept vpid fsgsbase smep erms xsaveopt
bugs		:
bogomips	: 4988.82
clflush size	: 64
cache_alignment	: 64
address sizes	: 36 bits physical, 48 bits virtual
power management:

processor	: 3
vendor_id	: GenuineIntel
cpu family	: 6
model		: 58
model name	: Intel(R) Core(TM) i5-3210M CPU @ 2.50GHz
stepping	: 9
microcode	: 0x1b
cpu MHz		: 2899.902
cache size	: 3072 KB
physical id	: 0
siblings	: 4
core id		: 1
cpu cores	: 2
apicid		: 3
initial apicid	: 3
fpu		: yes
fpu_exception	: yes
cpuid level	: 13
wp		: yes
flags		: fpu vme de pse tsc msr pae mce cx8 apic sep mtrr pge mca cmov pat pse36 clflush dts acpi mmx fxsr sse sse2 ss ht tm pbe syscall nx rdtscp lm constant_tsc arch_perfmon pebs bts rep_good nopl xtopology nonstop_tsc aperfmperf eagerfpu pni pclmulqdq dtes64 monitor ds_cpl vmx est tm2 ssse3 cx16 xtpr pdcm pcid sse4_1 sse4_2 x2apic popcnt tsc_deadline_timer aes xsave avx f16c rdrand lahf_lm ida arat epb pln pts dtherm tpr_shadow vnmi flexpriority ept vpid fsgsbase smep erms xsaveopt
bugs		:
bogomips	: 4988.82
clflush size	: 64
cache_alignment	: 64
address sizes	: 36 bits physical, 48 bits virtual
power management:



Memory: 4k page, physical 3741648k(102232k free), swap 1892348k(8k free)

vm_info: Java HotSpot(TM) 64-Bit Server VM (25.66-b17) for linux-amd64 JRE (1.8.0_66-b17), built on Oct  6 2015 17:28:34 by "java_re" with gcc 4.3.0 20080428 (Red Hat 4.3.0-8)

time: Tue Apr 12 01:27:01 2016
elapsed time: 12 seconds (0d 0h 0m 12s)

