#
# There is insufficient memory for the Java Runtime Environment to continue.
# Native memory allocation (mmap) failed to map 84934656 bytes for committing reserved memory.
# Possible reasons:
#   The system is out of physical RAM or swap space
#   In 32 bit mode, the process size limit was hit
# Possible solutions:
#   Reduce memory load on the system
#   Increase physical memory or swap space
#   Check if swap backing store is full
#   Use 64 bit Java on a 64 bit OS
#   Decrease Java heap size (-Xmx/-Xms)
#   Decrease number of Java threads
#   Decrease Java thread stack sizes (-Xss)
#   Set larger code cache with -XX:ReservedCodeCacheSize=
# This output file may be truncated or incomplete.
#
#  Out of Memory Error (os_linux.cpp:2627), pid=13097, tid=140189817059072
#
# JRE version: Java(TM) SE Runtime Environment (8.0_66-b17) (build 1.8.0_66-b17)
# Java VM: Java HotSpot(TM) 64-Bit Server VM (25.66-b17 mixed mode linux-amd64 compressed oops)
# Failed to write core dump. Core dumps have been disabled. To enable core dumping, try "ulimit -c unlimited" before starting Java again
#

---------------  T H R E A D  ---------------

Current thread (0x00007f808c078000):  VMThread [stack: 0x00007f807c2f3000,0x00007f807c3f4000] [id=13107]

Stack: [0x00007f807c2f3000,0x00007f807c3f4000],  sp=0x00007f807c3f20e0,  free space=1020k
Native frames: (J=compiled Java code, j=interpreted, Vv=VM code, C=native code)
V  [libjvm.so+0xab9a1a]  VMError::report_and_die()+0x2ba
V  [libjvm.so+0x4f9e0b]  report_vm_out_of_memory(char const*, int, unsigned long, VMErrorType, char const*)+0x8b
V  [libjvm.so+0x91a8a3]  os::Linux::commit_memory_impl(char*, unsigned long, bool)+0x103
V  [libjvm.so+0x91adf9]  os::pd_commit_memory(char*, unsigned long, unsigned long, bool)+0x29
V  [libjvm.so+0x91510a]  os::commit_memory(char*, unsigned long, unsigned long, bool)+0x2a
V  [libjvm.so+0x9887a3]  PSVirtualSpace::expand_by(unsigned long)+0x53
V  [libjvm.so+0x979090]  PSOldGen::expand(unsigned long)+0x170
V  [libjvm.so+0x97929b]  PSOldGen::resize(unsigned long)+0x1cb
V  [libjvm.so+0x980f71]  PSParallelCompact::invoke_no_policy(bool)+0x991
V  [libjvm.so+0x9868cd]  PSScavenge::invoke()+0x1ad
V  [libjvm.so+0x93e500]  ParallelScavengeHeap::failed_mem_allocate(unsigned long)+0x70
V  [libjvm.so+0xabb437]  VM_ParallelGCFailedAllocation::doit()+0x97
V  [libjvm.so+0xac2e65]  VM_Operation::evaluate()+0x55
V  [libjvm.so+0xac123a]  VMThread::evaluate_operation(VM_Operation*)+0xba
V  [libjvm.so+0xac15be]  VMThread::loop()+0x1ce
V  [libjvm.so+0xac1a30]  VMThread::run()+0x70
V  [libjvm.so+0x91cc68]  java_start(Thread*)+0x108

VM_Operation (0x00007f80751e4d80): ParallelGCFailedAllocation, mode: safepoint, requested by thread 0x00007f808c267000


---------------  P R O C E S S  ---------------

Java Threads: ( => current thread )
  0x00007f808c275800 JavaThread "pool-2-thread-4" [_thread_blocked, id=13120, stack(0x00007f8074ce2000,0x00007f8074de3000)]
  0x00007f808c274000 JavaThread "pool-2-thread-3" [_thread_blocked, id=13119, stack(0x00007f8074de3000,0x00007f8074ee4000)]
  0x00007f808c272000 JavaThread "pool-2-thread-2" [_thread_blocked, id=13118, stack(0x00007f8074ee4000,0x00007f8074fe5000)]
  0x00007f808c271000 JavaThread "pool-3-thread-1" [_thread_blocked, id=13117, stack(0x00007f8074fe5000,0x00007f80750e6000)]
  0x00007f808c267000 JavaThread "pool-2-thread-1" [_thread_blocked, id=13116, stack(0x00007f80750e6000,0x00007f80751e7000)]
  0x00007f808c0c3000 JavaThread "Service Thread" daemon [_thread_blocked, id=13114, stack(0x00007f80752e8000,0x00007f80753e9000)]
  0x00007f808c0be000 JavaThread "C1 CompilerThread2" daemon [_thread_blocked, id=13113, stack(0x00007f80753e9000,0x00007f80754ea000)]
  0x00007f808c0bc800 JavaThread "C2 CompilerThread1" daemon [_thread_blocked, id=13112, stack(0x00007f80754ea000,0x00007f80755eb000)]
  0x00007f808c0b9800 JavaThread "C2 CompilerThread0" daemon [_thread_blocked, id=13111, stack(0x00007f80755eb000,0x00007f80756ec000)]
  0x00007f808c0b8000 JavaThread "Signal Dispatcher" daemon [_thread_blocked, id=13110, stack(0x00007f80756ec000,0x00007f80757ed000)]
  0x00007f808c07f000 JavaThread "Finalizer" daemon [_thread_blocked, id=13109, stack(0x00007f807c0f1000,0x00007f807c1f2000)]
  0x00007f808c07d000 JavaThread "Reference Handler" daemon [_thread_blocked, id=13108, stack(0x00007f807c1f2000,0x00007f807c2f3000)]
  0x00007f808c00a000 JavaThread "main" [_thread_blocked, id=13102, stack(0x00007f80949a7000,0x00007f8094aa8000)]

Other Threads:
=>0x00007f808c078000 VMThread [stack: 0x00007f807c2f3000,0x00007f807c3f4000] [id=13107]
  0x00007f808c0c6000 WatcherThread [stack: 0x00007f80751e7000,0x00007f80752e8000] [id=13115]

VM state:at safepoint (normal execution)

VM Mutex/Monitor currently owned by a thread:  ([mutex/lock_event])
[0x00007f808c005d50] ExpandHeap_lock - owner thread: 0x00007f808c078000
[0x00007f808c0063d0] Threads_lock - owner thread: 0x00007f808c078000
[0x00007f808c0068d0] Heap_lock - owner thread: 0x00007f808c267000

Heap:
 PSYoungGen      total 268288K, used 27015K [0x00000000eab00000, 0x0000000100000000, 0x0000000100000000)
  eden space 203776K, 0% used [0x00000000eab00000,0x00000000eab00000,0x00000000f7200000)
  from space 64512K, 41% used [0x00000000fc100000,0x00000000fdb61c38,0x0000000100000000)
  to   space 72704K, 0% used [0x00000000f7200000,0x00000000f7200000,0x00000000fb900000)
 ParOldGen       total 138752K, used 138451K [0x00000000c0000000, 0x00000000c8780000, 0x00000000eab00000)
  object space 138752K, 99% used [0x00000000c0000000,0x00000000c8734e80,0x00000000c8780000)
 Metaspace       used 6539K, capacity 7320K, committed 7680K, reserved 1056768K
  class space    used 615K, capacity 656K, committed 768K, reserved 1048576K

Card table byte_map: [0x00007f8091574000,0x00007f8091775000] byte_map_base: 0x00007f8090f74000

Marking Bits: (ParMarkBitMap*) 0x00007f8093e84020
 Begin Bits: [0x00007f8076000000, 0x00007f8077000000)
 End Bits:   [0x00007f8077000000, 0x00007f8078000000)

Polling page: 0x00007f8094acb000

CodeCache: size=245760Kb used=9800Kb max_used=9800Kb free=235959Kb
 bounds [0x00007f807d000000, 0x00007f807d9a0000, 0x00007f808c000000]
 total_blobs=2601 nmethods=2332 adapters=182
 compilation: enabled

Compilation events (10 events):
Event: 6,792 Thread 0x00007f808c0be000 2528       2       com.android.dx.rop.code.FillArrayDataInsn::withNewRegisters (25 bytes)
Event: 6,793 Thread 0x00007f808c0be000 nmethod 2528 0x00007f807d9676d0 code [0x00007f807d967840, 0x00007f807d967a28]
Event: 6,914 Thread 0x00007f808c0be000 2529       2       com.android.dx.cf.code.SwitchList::setImmutable (19 bytes)
Event: 6,914 Thread 0x00007f808c0be000 nmethod 2529 0x00007f807d967310 code [0x00007f807d967480, 0x00007f807d9675f0]
Event: 6,916 Thread 0x00007f808c0be000 2530       2       com.android.dx.cf.code.BytecodeArray::parseLookupswitch (175 bytes)
Event: 6,917 Thread 0x00007f808c0be000 nmethod 2530 0x00007f807d993d10 code [0x00007f807d993f40, 0x00007f807d9946c8]
Event: 6,941 Thread 0x00007f808c0be000 2531 %     3       com.android.dx.rop.type.Prototype::getParameterFrameTypes @ 29 (96 bytes)
Event: 6,943 Thread 0x00007f808c0be000 nmethod 2531% 0x00007f807d995090 code [0x00007f807d9952e0, 0x00007f807d9963f8]
Event: 6,943 Thread 0x00007f808c0be000 2532       3       com.android.dx.rop.type.Prototype::getParameterFrameTypes (96 bytes)
Event: 6,944 Thread 0x00007f808c0be000 nmethod 2532 0x00007f807d996ed0 code [0x00007f807d997120, 0x00007f807d998118]

GC Heap History (10 events):
Event: 3,713 GC heap after
Heap after GC invocations=10 (full 1):
 PSYoungGen      total 253952K, used 27119K [0x00000000eab00000, 0x00000000fcf80000, 0x0000000100000000)
  eden space 226816K, 0% used [0x00000000eab00000,0x00000000eab00000,0x00000000f8880000)
  from space 27136K, 99% used [0x00000000f8b80000,0x00000000fa5fbc00,0x00000000fa600000)
  to   space 36352K, 0% used [0x00000000fac00000,0x00000000fac00000,0x00000000fcf80000)
 ParOldGen       total 77824K, used 50404K [0x00000000c0000000, 0x00000000c4c00000, 0x00000000eab00000)
  object space 77824K, 64% used [0x00000000c0000000,0x00000000c31390e0,0x00000000c4c00000)
 Metaspace       used 6444K, capacity 7256K, committed 7424K, reserved 1056768K
  class space    used 615K, capacity 656K, committed 768K, reserved 1048576K
}
Event: 4,712 GC heap before
{Heap before GC invocations=11 (full 1):
 PSYoungGen      total 253952K, used 253935K [0x00000000eab00000, 0x00000000fcf80000, 0x0000000100000000)
  eden space 226816K, 100% used [0x00000000eab00000,0x00000000f8880000,0x00000000f8880000)
  from space 27136K, 99% used [0x00000000f8b80000,0x00000000fa5fbc00,0x00000000fa600000)
  to   space 36352K, 0% used [0x00000000fac00000,0x00000000fac00000,0x00000000fcf80000)
 ParOldGen       total 77824K, used 50404K [0x00000000c0000000, 0x00000000c4c00000, 0x00000000eab00000)
  object space 77824K, 64% used [0x00000000c0000000,0x00000000c31390e0,0x00000000c4c00000)
 Metaspace       used 6529K, capacity 7320K, committed 7680K, reserved 1056768K
  class space    used 615K, capacity 656K, committed 768K, reserved 1048576K
Event: 4,820 GC heap after
Heap after GC invocations=11 (full 1):
 PSYoungGen      total 247296K, used 36323K [0x00000000eab00000, 0x0000000100000000, 0x0000000100000000)
  eden space 210944K, 0% used [0x00000000eab00000,0x00000000eab00000,0x00000000f7900000)
  from space 36352K, 99% used [0x00000000fac00000,0x00000000fcf78df0,0x00000000fcf80000)
  to   space 52224K, 0% used [0x00000000f7900000,0x00000000f7900000,0x00000000fac00000)
 ParOldGen       total 77824K, used 75685K [0x00000000c0000000, 0x00000000c4c00000, 0x00000000eab00000)
  object space 77824K, 97% used [0x00000000c0000000,0x00000000c49e9410,0x00000000c4c00000)
 Metaspace       used 6529K, capacity 7320K, committed 7680K, reserved 1056768K
  class space    used 615K, capacity 656K, committed 768K, reserved 1048576K
}
Event: 4,821 GC heap before
{Heap before GC invocations=12 (full 2):
 PSYoungGen      total 247296K, used 36323K [0x00000000eab00000, 0x0000000100000000, 0x0000000100000000)
  eden space 210944K, 0% used [0x00000000eab00000,0x00000000eab00000,0x00000000f7900000)
  from space 36352K, 99% used [0x00000000fac00000,0x00000000fcf78df0,0x00000000fcf80000)
  to   space 52224K, 0% used [0x00000000f7900000,0x00000000f7900000,0x00000000fac00000)
 ParOldGen       total 77824K, used 75685K [0x00000000c0000000, 0x00000000c4c00000, 0x00000000eab00000)
  object space 77824K, 97% used [0x00000000c0000000,0x00000000c49e9410,0x00000000c4c00000)
 Metaspace       used 6529K, capacity 7320K, committed 7680K, reserved 1056768K
  class space    used 615K, capacity 656K, committed 768K, reserved 1048576K
Event: 5,456 GC heap after
Heap after GC invocations=12 (full 2):
 PSYoungGen      total 247296K, used 29890K [0x00000000eab00000, 0x0000000100000000, 0x0000000100000000)
  eden space 210944K, 0% used [0x00000000eab00000,0x00000000eab00000,0x00000000f7900000)
  from space 36352K, 82% used [0x00000000fac00000,0x00000000fc930938,0x00000000fcf80000)
  to   space 52224K, 0% used [0x00000000f7900000,0x00000000f7900000,0x00000000fac00000)
 ParOldGen       total 138752K, used 77442K [0x00000000c0000000, 0x00000000c8780000, 0x00000000eab00000)
  object space 138752K, 55% used [0x00000000c0000000,0x00000000c4ba0998,0x00000000c8780000)
 Metaspace       used 6529K, capacity 7320K, committed 7680K, reserved 1056768K
  class space    used 615K, capacity 656K, committed 768K, reserved 1048576K
}
Event: 6,164 GC heap before
{Heap before GC invocations=13 (full 2):
 PSYoungGen      total 247296K, used 240834K [0x00000000eab00000, 0x0000000100000000, 0x0000000100000000)
  eden space 210944K, 100% used [0x00000000eab00000,0x00000000f7900000,0x00000000f7900000)
  from space 36352K, 82% used [0x00000000fac00000,0x00000000fc930938,0x00000000fcf80000)
  to   space 52224K, 0% used [0x00000000f7900000,0x00000000f7900000,0x00000000fac00000)
 ParOldGen       total 138752K, used 77442K [0x00000000c0000000, 0x00000000c8780000, 0x00000000eab00000)
  object space 138752K, 55% used [0x00000000c0000000,0x00000000c4ba0998,0x00000000c8780000)
 Metaspace       used 6533K, capacity 7320K, committed 7680K, reserved 1056768K
  class space    used 615K, capacity 656K, committed 768K, reserved 1048576K
Event: 6,285 GC heap after
Heap after GC invocations=13 (full 2):
 PSYoungGen      total 263168K, used 52203K [0x00000000eab00000, 0x0000000100000000, 0x0000000100000000)
  eden space 210944K, 0% used [0x00000000eab00000,0x00000000eab00000,0x00000000f7900000)
  from space 52224K, 99% used [0x00000000f7900000,0x00000000fabfaeb8,0x00000000fac00000)
  to   space 64512K, 0% used [0x00000000fc100000,0x00000000fc100000,0x0000000100000000)
 ParOldGen       total 138752K, used 86027K [0x00000000c0000000, 0x00000000c8780000, 0x00000000eab00000)
  object space 138752K, 62% used [0x00000000c0000000,0x00000000c5402eb0,0x00000000c8780000)
 Metaspace       used 6533K, capacity 7320K, committed 7680K, reserved 1056768K
  class space    used 615K, capacity 656K, committed 768K, reserved 1048576K
}
Event: 6,961 GC heap before
{Heap before GC invocations=14 (full 2):
 PSYoungGen      total 263168K, used 263147K [0x00000000eab00000, 0x0000000100000000, 0x0000000100000000)
  eden space 210944K, 100% used [0x00000000eab00000,0x00000000f7900000,0x00000000f7900000)
  from space 52224K, 99% used [0x00000000f7900000,0x00000000fabfaeb8,0x00000000fac00000)
  to   space 64512K, 0% used [0x00000000fc100000,0x00000000fc100000,0x0000000100000000)
 ParOldGen       total 138752K, used 86027K [0x00000000c0000000, 0x00000000c8780000, 0x00000000eab00000)
  object space 138752K, 62% used [0x00000000c0000000,0x00000000c5402eb0,0x00000000c8780000)
 Metaspace       used 6539K, capacity 7320K, committed 7680K, reserved 1056768K
  class space    used 615K, capacity 656K, committed 768K, reserved 1048576K
Event: 7,149 GC heap after
Heap after GC invocations=14 (full 2):
 PSYoungGen      total 268288K, used 55453K [0x00000000eab00000, 0x0000000100000000, 0x0000000100000000)
  eden space 203776K, 0% used [0x00000000eab00000,0x00000000eab00000,0x00000000f7200000)
  from space 64512K, 85% used [0x00000000fc100000,0x00000000ff727658,0x0000000100000000)
  to   space 72704K, 0% used [0x00000000f7200000,0x00000000f7200000,0x00000000fb900000)
 ParOldGen       total 138752K, used 114462K [0x00000000c0000000, 0x00000000c8780000, 0x00000000eab00000)
  object space 138752K, 82% used [0x00000000c0000000,0x00000000c6fc7908,0x00000000c8780000)
 Metaspace       used 6539K, capacity 7320K, committed 7680K, reserved 1056768K
  class space    used 615K, capacity 656K, committed 768K, reserved 1048576K
}
Event: 7,149 GC heap before
{Heap before GC invocations=15 (full 3):
 PSYoungGen      total 268288K, used 55453K [0x00000000eab00000, 0x0000000100000000, 0x0000000100000000)
  eden space 203776K, 0% used [0x00000000eab00000,0x00000000eab00000,0x00000000f7200000)
  from space 64512K, 85% used [0x00000000fc100000,0x00000000ff727658,0x0000000100000000)
  to   space 72704K, 0% used [0x00000000f7200000,0x00000000f7200000,0x00000000fb900000)
 ParOldGen       total 138752K, used 114462K [0x00000000c0000000, 0x00000000c8780000, 0x00000000eab00000)
  object space 138752K, 82% used [0x00000000c0000000,0x00000000c6fc7908,0x00000000c8780000)
 Metaspace       used 6539K, capacity 7320K, committed 7680K, reserved 1056768K
  class space    used 615K, capacity 656K, committed 768K, reserved 1048576K

Deoptimization events (10 events):
Event: 2,714 Thread 0x00007f808c272000 Uncommon trap: reason=unstable_if action=reinterpret pc=0x00007f807d66f564 method=com.android.dx.rop.code.RegisterSpecSet.localItemToSpec(Lcom/android/dx/rop/code/LocalItem;)Lcom/android/dx/rop/code/RegisterSpec; @ 35
Event: 2,794 Thread 0x00007f808c274000 Uncommon trap: reason=unstable_if action=reinterpret pc=0x00007f807d3da1cc method=com.android.dx.dex.code.OutputFinisher.hasLocalInfo(Lcom/android/dx/dex/code/DalvInsn;)Z @ 24
Event: 3,305 Thread 0x00007f808c275800 Uncommon trap: reason=bimorphic action=maybe_recompile pc=0x00007f807d688850 method=com.android.dx.cf.code.BytecodeArray.parseInstruction(ILcom/android/dx/cf/code/BytecodeArray$Visitor;)I @ 2281
Event: 3,305 Thread 0x00007f808c275800 Uncommon trap: reason=bimorphic action=maybe_recompile pc=0x00007f807d688850 method=com.android.dx.cf.code.BytecodeArray.parseInstruction(ILcom/android/dx/cf/code/BytecodeArray$Visitor;)I @ 2281
Event: 4,259 Thread 0x00007f808c267000 Uncommon trap: reason=unstable_if action=reinterpret pc=0x00007f807d7eab04 method=com.android.dx.ssa.SCCP.simulateBranch(Lcom/android/dx/ssa/SsaInsn;)V @ 548
Event: 4,563 Thread 0x00007f808c267000 Uncommon trap: reason=unstable_if action=reinterpret pc=0x00007f807d36cb44 method=com.android.dx.rop.code.RegisterSpecSet.<init>(I)V @ 2
Event: 4,684 Thread 0x00007f808c275800 Uncommon trap: reason=unstable_if action=reinterpret pc=0x00007f807d8e0590 method=java.util.HashMap.putVal(ILjava/lang/Object;Ljava/lang/Object;ZZ)Ljava/lang/Object; @ 109
Event: 5,458 Thread 0x00007f808c267000 Uncommon trap: reason=bimorphic action=maybe_recompile pc=0x00007f807d873ed4 method=com.android.dx.cf.code.BytecodeArray.parseInstruction(ILcom/android/dx/cf/code/BytecodeArray$Visitor;)I @ 1357
Event: 5,458 Thread 0x00007f808c267000 Uncommon trap: reason=bimorphic action=maybe_recompile pc=0x00007f807d873ed4 method=com.android.dx.cf.code.BytecodeArray.parseInstruction(ILcom/android/dx/cf/code/BytecodeArray$Visitor;)I @ 1357
Event: 5,872 Thread 0x00007f808c272000 Uncommon trap: reason=unstable_if action=reinterpret pc=0x00007f807d95ca6c method=java.util.BitSet.clone()Ljava/lang/Object; @ 4

Internal exceptions (5 events):
Event: 0,030 Thread 0x00007f808c00a000 Exception <a 'java/lang/NoSuchMethodError': Method sun.misc.Unsafe.defineClass(Ljava/lang/String;[BII)Ljava/lang/Class; name or signature does not match> (0x00000000eab12b98) thrown at [/HUDSON/workspace/8-2-build-linux-amd64/jdk8u66/4988/hotspot/src/shar
Event: 0,030 Thread 0x00007f808c00a000 Exception <a 'java/lang/NoSuchMethodError': Method sun.misc.Unsafe.prefetchRead(Ljava/lang/Object;J)V name or signature does not match> (0x00000000eab12e80) thrown at [/HUDSON/workspace/8-2-build-linux-amd64/jdk8u66/4988/hotspot/src/share/vm/prims/jni.cpp
Event: 2,135 Thread 0x00007f808c267000 Exception <a 'java/lang/ArrayIndexOutOfBoundsException': 18> (0x00000000ef9881d8) thrown at [/HUDSON/workspace/8-2-build-linux-amd64/jdk8u66/4988/hotspot/src/share/vm/interpreter/interpreterRuntime.cpp, line 366]
Event: 2,135 Thread 0x00007f808c267000 Exception <a 'java/lang/ArrayIndexOutOfBoundsException': 145> (0x00000000ef989d58) thrown at [/HUDSON/workspace/8-2-build-linux-amd64/jdk8u66/4988/hotspot/src/share/vm/interpreter/interpreterRuntime.cpp, line 366]
Event: 2,136 Thread 0x00007f808c267000 Exception <a 'java/lang/ArrayIndexOutOfBoundsException': 40> (0x00000000ef98b040) thrown at [/HUDSON/workspace/8-2-build-linux-amd64/jdk8u66/4988/hotspot/src/share/vm/interpreter/interpreterRuntime.cpp, line 366]

Events (10 events):
Event: 6,752 Thread 0x00007f808c267000 DEOPT UNPACKING pc=0x00007f807d047633 sp=0x00007f80751e4248 mode 0
Event: 6,758 Thread 0x00007f808c274000 DEOPT PACKING pc=0x00007f807d50d389 sp=0x00007f8074ee1ee0
Event: 6,758 Thread 0x00007f808c274000 DEOPT UNPACKING pc=0x00007f807d047633 sp=0x00007f8074ee1d30 mode 0
Event: 6,878 Thread 0x00007f808c274000 DEOPT PACKING pc=0x00007f807d50d389 sp=0x00007f8074ee1ee0
Event: 6,878 Thread 0x00007f808c274000 DEOPT UNPACKING pc=0x00007f807d047633 sp=0x00007f8074ee1d30 mode 0
Event: 6,948 Thread 0x00007f808c274000 DEOPT PACKING pc=0x00007f807d50d389 sp=0x00007f8074ee1f90
Event: 6,948 Thread 0x00007f808c274000 DEOPT UNPACKING pc=0x00007f807d047633 sp=0x00007f8074ee1de0 mode 0
Event: 6,952 Thread 0x00007f808c272000 DEOPT PACKING pc=0x00007f807d458905 sp=0x00007f8074fe2360
Event: 6,952 Thread 0x00007f808c272000 DEOPT UNPACKING pc=0x00007f807d047633 sp=0x00007f8074fe2120 mode 0
Event: 6,960 Executing VM operation: ParallelGCFailedAllocation


Dynamic libraries:
00400000-00401000 r-xp 00000000 08:05 399375                             /usr/lib/jvm/java-8-oracle/bin/java
00600000-00601000 rw-p 00000000 08:05 399375                             /usr/lib/jvm/java-8-oracle/bin/java
012a8000-012c9000 rw-p 00000000 00:00 0                                  [heap]
c0000000-c8780000 rw-p 00000000 00:00 0 
cd880000-eab00000 ---p 00000000 00:00 0 
eab00000-100000000 rw-p 00000000 00:00 0 
100000000-1000c0000 rw-p 00000000 00:00 0 
1000c0000-140000000 ---p 00000000 00:00 0 
7f8028000000-7f8028021000 rw-p 00000000 00:00 0 
7f8028021000-7f802c000000 ---p 00000000 00:00 0 
7f8030000000-7f8030024000 rw-p 00000000 00:00 0 
7f8030024000-7f8034000000 ---p 00000000 00:00 0 
7f8034000000-7f803402c000 rw-p 00000000 00:00 0 
7f803402c000-7f8038000000 ---p 00000000 00:00 0 
7f8038000000-7f803808f000 rw-p 00000000 00:00 0 
7f803808f000-7f803c000000 ---p 00000000 00:00 0 
7f803c000000-7f803c021000 rw-p 00000000 00:00 0 
7f803c021000-7f8040000000 ---p 00000000 00:00 0 
7f8040000000-7f8040021000 rw-p 00000000 00:00 0 
7f8040021000-7f8044000000 ---p 00000000 00:00 0 
7f8044000000-7f8044021000 rw-p 00000000 00:00 0 
7f8044021000-7f8048000000 ---p 00000000 00:00 0 
7f8048000000-7f80491d0000 rw-p 00000000 00:00 0 
7f80491d0000-7f804c000000 ---p 00000000 00:00 0 
7f804c000000-7f804cabe000 rw-p 00000000 00:00 0 
7f804cabe000-7f8050000000 ---p 00000000 00:00 0 
7f8050000000-7f8050021000 rw-p 00000000 00:00 0 
7f8050021000-7f8054000000 ---p 00000000 00:00 0 
7f8054000000-7f805548d000 rw-p 00000000 00:00 0 
7f805548d000-7f8058000000 ---p 00000000 00:00 0 
7f8058000000-7f8058021000 rw-p 00000000 00:00 0 
7f8058021000-7f805c000000 ---p 00000000 00:00 0 
7f805c000000-7f805c021000 rw-p 00000000 00:00 0 
7f805c021000-7f8060000000 ---p 00000000 00:00 0 
7f8060000000-7f8060021000 rw-p 00000000 00:00 0 
7f8060021000-7f8064000000 ---p 00000000 00:00 0 
7f8064000000-7f8064295000 rw-p 00000000 00:00 0 
7f8064295000-7f8068000000 ---p 00000000 00:00 0 
7f8068000000-7f8068021000 rw-p 00000000 00:00 0 
7f8068021000-7f806c000000 ---p 00000000 00:00 0 
7f8070000000-7f8070021000 rw-p 00000000 00:00 0 
7f8070021000-7f8074000000 ---p 00000000 00:00 0 
7f8074ce2000-7f8074ce5000 ---p 00000000 00:00 0 
7f8074ce5000-7f8074de3000 rw-p 00000000 00:00 0                          [stack:13120]
7f8074de3000-7f8074de6000 ---p 00000000 00:00 0 
7f8074de6000-7f8074ee4000 rw-p 00000000 00:00 0                          [stack:13119]
7f8074ee4000-7f8074ee7000 ---p 00000000 00:00 0 
7f8074ee7000-7f8074fe5000 rw-p 00000000 00:00 0                          [stack:13118]
7f8074fe5000-7f8074fe8000 ---p 00000000 00:00 0 
7f8074fe8000-7f80750e6000 rw-p 00000000 00:00 0                          [stack:13117]
7f80750e6000-7f80750e9000 ---p 00000000 00:00 0 
7f80750e9000-7f80751e7000 rw-p 00000000 00:00 0                          [stack:13116]
7f80751e7000-7f80751e8000 ---p 00000000 00:00 0 
7f80751e8000-7f80752e8000 rw-p 00000000 00:00 0                          [stack:13115]
7f80752e8000-7f80752eb000 ---p 00000000 00:00 0 
7f80752eb000-7f80753e9000 rw-p 00000000 00:00 0                          [stack:13114]
7f80753e9000-7f80753ec000 ---p 00000000 00:00 0 
7f80753ec000-7f80754ea000 rw-p 00000000 00:00 0                          [stack:13113]
7f80754ea000-7f80754ed000 ---p 00000000 00:00 0 
7f80754ed000-7f80755eb000 rw-p 00000000 00:00 0                          [stack:13112]
7f80755eb000-7f80755ee000 ---p 00000000 00:00 0 
7f80755ee000-7f80756ec000 rw-p 00000000 00:00 0                          [stack:13111]
7f80756ec000-7f80756ef000 ---p 00000000 00:00 0 
7f80756ef000-7f80757ed000 rw-p 00000000 00:00 0                          [stack:13110]
7f80757ed000-7f8076000000 r--p 00000000 08:05 138251                     /usr/lib/locale/locale-archive
7f8076000000-7f8078000000 rw-p 00000000 00:00 0 
7f8078000000-7f8078021000 rw-p 00000000 00:00 0 
7f8078021000-7f807c000000 ---p 00000000 00:00 0 
7f807c0a1000-7f807c0f1000 r--s 003f0000 08:05 4326961                    /home/german/Development/VKastFM/app/build/intermediates/multi-dex/debug/allclasses.jar
7f807c0f1000-7f807c0f4000 ---p 00000000 00:00 0 
7f807c0f4000-7f807c1f2000 rw-p 00000000 00:00 0                          [stack:13109]
7f807c1f2000-7f807c1f5000 ---p 00000000 00:00 0 
7f807c1f5000-7f807c2f3000 rw-p 00000000 00:00 0                          [stack:13108]
7f807c2f3000-7f807c2f4000 ---p 00000000 00:00 0 
7f807c2f4000-7f807d000000 rw-p 00000000 00:00 0                          [stack:13107]
7f807d000000-7f807d9a0000 rwxp 00000000 00:00 0 
7f807d9a0000-7f808c000000 ---p 00000000 00:00 0 
7f808c000000-7f808c39f000 rw-p 00000000 00:00 0 
7f808c39f000-7f8090000000 ---p 00000000 00:00 0 
7f8090014000-7f8090023000 r--s 000df000 08:05 1204518                    /home/german/Android/Sdk/build-tools/23.0.2/lib/dx.jar
7f8090023000-7f80903cb000 rw-p 00000000 00:00 0 
7f80903cb000-7f80905a4000 r--s 03d20000 08:05 792064                     /usr/lib/jvm/java-8-oracle/jre/lib/rt.jar
7f80905a4000-7f8090cda000 rw-p 00000000 00:00 0 
7f8090cda000-7f8090e1a000 ---p 00000000 00:00 0 
7f8090e1a000-7f809101a000 rw-p 00000000 00:00 0 
7f809101a000-7f809101b000 ---p 00000000 00:00 0 
7f809101b000-7f809111b000 rw-p 00000000 00:00 0                          [stack:13106]
7f809111b000-7f809111c000 ---p 00000000 00:00 0 
7f809111c000-7f809121c000 rw-p 00000000 00:00 0                          [stack:13105]
7f809121c000-7f809121d000 ---p 00000000 00:00 0 
7f809121d000-7f809131d000 rw-p 00000000 00:00 0                          [stack:13104]
7f809131d000-7f809131e000 ---p 00000000 00:00 0 
7f809131e000-7f8091462000 rw-p 00000000 00:00 0                          [stack:13103]
7f8091462000-7f8091574000 ---p 00000000 00:00 0 
7f8091574000-7f80915b8000 rw-p 00000000 00:00 0 
7f80915b8000-7f80916c9000 ---p 00000000 00:00 0 
7f80916c9000-7f8091774000 rw-p 00000000 00:00 0 
7f8091774000-7f809179c000 rw-p 00000000 00:00 0 
7f809179c000-7f8091b35000 ---p 00000000 00:00 0 
7f8091b35000-7f8091b4f000 r-xp 00000000 08:05 792088                     /usr/lib/jvm/java-8-oracle/jre/lib/amd64/libzip.so
7f8091b4f000-7f8091d4f000 ---p 0001a000 08:05 792088                     /usr/lib/jvm/java-8-oracle/jre/lib/amd64/libzip.so
7f8091d4f000-7f8091d50000 rw-p 0001a000 08:05 792088                     /usr/lib/jvm/java-8-oracle/jre/lib/amd64/libzip.so
7f8091d50000-7f8091d5b000 r-xp 00000000 08:05 1970430                    /lib/x86_64-linux-gnu/libnss_files-2.19.so
7f8091d5b000-7f8091f5a000 ---p 0000b000 08:05 1970430                    /lib/x86_64-linux-gnu/libnss_files-2.19.so
7f8091f5a000-7f8091f5b000 r--p 0000a000 08:05 1970430                    /lib/x86_64-linux-gnu/libnss_files-2.19.so
7f8091f5b000-7f8091f5c000 rw-p 0000b000 08:05 1970430                    /lib/x86_64-linux-gnu/libnss_files-2.19.so
7f8091f5c000-7f8091f67000 r-xp 00000000 08:05 1970440                    /lib/x86_64-linux-gnu/libnss_nis-2.19.so
7f8091f67000-7f8092166000 ---p 0000b000 08:05 1970440                    /lib/x86_64-linux-gnu/libnss_nis-2.19.so
7f8092166000-7f8092167000 r--p 0000a000 08:05 1970440                    /lib/x86_64-linux-gnu/libnss_nis-2.19.so
7f8092167000-7f8092168000 rw-p 0000b000 08:05 1970440                    /lib/x86_64-linux-gnu/libnss_nis-2.19.so
7f8092168000-7f809217f000 r-xp 00000000 08:05 1970424                    /lib/x86_64-linux-gnu/libnsl-2.19.so
7f809217f000-7f809237e000 ---p 00017000 08:05 1970424                    /lib/x86_64-linux-gnu/libnsl-2.19.so
7f809237e000-7f809237f000 r--p 00016000 08:05 1970424                    /lib/x86_64-linux-gnu/libnsl-2.19.so
7f809237f000-7f8092380000 rw-p 00017000 08:05 1970424                    /lib/x86_64-linux-gnu/libnsl-2.19.so
7f8092380000-7f8092382000 rw-p 00000000 00:00 0 
7f8092382000-7f809238b000 r-xp 00000000 08:05 1970426                    /lib/x86_64-linux-gnu/libnss_compat-2.19.so
7f809238b000-7f809258a000 ---p 00009000 08:05 1970426                    /lib/x86_64-linux-gnu/libnss_compat-2.19.so
7f809258a000-7f809258b000 r--p 00008000 08:05 1970426                    /lib/x86_64-linux-gnu/libnss_compat-2.19.so
7f809258b000-7f809258c000 rw-p 00009000 08:05 1970426                    /lib/x86_64-linux-gnu/libnss_compat-2.19.so
7f809258c000-7f80925b6000 r-xp 00000000 08:05 792128                     /usr/lib/jvm/java-8-oracle/jre/lib/amd64/libjava.so
7f80925b6000-7f80927b6000 ---p 0002a000 08:05 792128                     /usr/lib/jvm/java-8-oracle/jre/lib/amd64/libjava.so
7f80927b6000-7f80927b8000 rw-p 0002a000 08:05 792128                     /usr/lib/jvm/java-8-oracle/jre/lib/amd64/libjava.so
7f80927b8000-7f80927c5000 r-xp 00000000 08:05 792101                     /usr/lib/jvm/java-8-oracle/jre/lib/amd64/libverify.so
7f80927c5000-7f80929c5000 ---p 0000d000 08:05 792101                     /usr/lib/jvm/java-8-oracle/jre/lib/amd64/libverify.so
7f80929c5000-7f80929c7000 rw-p 0000d000 08:05 792101                     /usr/lib/jvm/java-8-oracle/jre/lib/amd64/libverify.so
7f80929c7000-7f80929ce000 r-xp 00000000 08:05 1970483                    /lib/x86_64-linux-gnu/librt-2.19.so
7f80929ce000-7f8092bcd000 ---p 00007000 08:05 1970483                    /lib/x86_64-linux-gnu/librt-2.19.so
7f8092bcd000-7f8092bce000 r--p 00006000 08:05 1970483                    /lib/x86_64-linux-gnu/librt-2.19.so
7f8092bce000-7f8092bcf000 rw-p 00007000 08:05 1970483                    /lib/x86_64-linux-gnu/librt-2.19.so
7f8092bcf000-7f8092cd4000 r-xp 00000000 08:05 1970405                    /lib/x86_64-linux-gnu/libm-2.19.so
7f8092cd4000-7f8092ed3000 ---p 00105000 08:05 1970405                    /lib/x86_64-linux-gnu/libm-2.19.so
7f8092ed3000-7f8092ed4000 r--p 00104000 08:05 1970405                    /lib/x86_64-linux-gnu/libm-2.19.so
7f8092ed4000-7f8092ed5000 rw-p 00105000 08:05 1970405                    /lib/x86_64-linux-gnu/libm-2.19.so
7f8092ed5000-7f8093b93000 r-xp 00000000 08:05 792112                     /usr/lib/jvm/java-8-oracle/jre/lib/amd64/server/libjvm.so
7f8093b93000-7f8093d92000 ---p 00cbe000 08:05 792112                     /usr/lib/jvm/java-8-oracle/jre/lib/amd64/server/libjvm.so
7f8093d92000-7f8093e6b000 rw-p 00cbd000 08:05 792112                     /usr/lib/jvm/java-8-oracle/jre/lib/amd64/server/libjvm.so
7f8093e6b000-7f8093eaf000 rw-p 00000000 00:00 0 
7f8093eaf000-7f809406a000 r-xp 00000000 08:05 1970355                    /lib/x86_64-linux-gnu/libc-2.19.so
7f809406a000-7f8094269000 ---p 001bb000 08:05 1970355                    /lib/x86_64-linux-gnu/libc-2.19.so
7f8094269000-7f809426d000 r--p 001ba000 08:05 1970355                    /lib/x86_64-linux-gnu/libc-2.19.so
7f809426d000-7f809426f000 rw-p 001be000 08:05 1970355                    /lib/x86_64-linux-gnu/libc-2.19.so
7f809426f000-7f8094274000 rw-p 00000000 00:00 0 
7f8094274000-7f8094277000 r-xp 00000000 08:05 1970372                    /lib/x86_64-linux-gnu/libdl-2.19.so
7f8094277000-7f8094476000 ---p 00003000 08:05 1970372                    /lib/x86_64-linux-gnu/libdl-2.19.so
7f8094476000-7f8094477000 r--p 00002000 08:05 1970372                    /lib/x86_64-linux-gnu/libdl-2.19.so
7f8094477000-7f8094478000 rw-p 00003000 08:05 1970372                    /lib/x86_64-linux-gnu/libdl-2.19.so
7f8094478000-7f809448d000 r-xp 00000000 08:05 532117                     /usr/lib/jvm/java-8-oracle/lib/amd64/jli/libjli.so
7f809448d000-7f809468d000 ---p 00015000 08:05 532117                     /usr/lib/jvm/java-8-oracle/lib/amd64/jli/libjli.so
7f809468d000-7f809468e000 rw-p 00015000 08:05 532117                     /usr/lib/jvm/java-8-oracle/lib/amd64/jli/libjli.so
7f809468e000-7f80946a7000 r-xp 00000000 08:05 1970475                    /lib/x86_64-linux-gnu/libpthread-2.19.so
7f80946a7000-7f80948a6000 ---p 00019000 08:05 1970475                    /lib/x86_64-linux-gnu/libpthread-2.19.so
7f80948a6000-7f80948a7000 r--p 00018000 08:05 1970475                    /lib/x86_64-linux-gnu/libpthread-2.19.so
7f80948a7000-7f80948a8000 rw-p 00019000 08:05 1970475                    /lib/x86_64-linux-gnu/libpthread-2.19.so
7f80948a8000-7f80948ac000 rw-p 00000000 00:00 0 
7f80948ac000-7f80948cf000 r-xp 00000000 08:05 1970331                    /lib/x86_64-linux-gnu/ld-2.19.so
7f80948d5000-7f80949a7000 rw-p 00000000 00:00 0 
7f80949a7000-7f80949aa000 ---p 00000000 00:00 0 
7f80949aa000-7f8094aac000 rw-p 00000000 00:00 0                          [stack:13102]
7f8094aad000-7f8094ac2000 rw-p 00000000 00:00 0 
7f8094ac2000-7f8094aca000 rw-s 00000000 08:05 3940116                    /tmp/hsperfdata_german/13097
7f8094aca000-7f8094acb000 rw-p 00000000 00:00 0 
7f8094acb000-7f8094acc000 ---p 00000000 00:00 0 
7f8094acc000-7f8094ace000 rw-p 00000000 00:00 0 
7f8094ace000-7f8094acf000 r--p 00022000 08:05 1970331                    /lib/x86_64-linux-gnu/ld-2.19.so
7f8094acf000-7f8094ad0000 rw-p 00023000 08:05 1970331                    /lib/x86_64-linux-gnu/ld-2.19.so
7f8094ad0000-7f8094ad1000 rw-p 00000000 00:00 0 
7ffe37156000-7ffe37177000 rw-p 00000000 00:00 0                          [stack]
7ffe371e8000-7ffe371ea000 r--p 00000000 00:00 0                          [vvar]
7ffe371ea000-7ffe371ec000 r-xp 00000000 00:00 0                          [vdso]
ffffffffff600000-ffffffffff601000 r-xp 00000000 00:00 0                  [vsyscall]

VM Arguments:
jvm_args: -Xmx1024M -Dfile.encoding=UTF-8 -Duser.country=US -Duser.language=en -Duser.variant 
java_command: com.android.dx.command.Main --dex --num-threads=4 --multi-dex --main-dex-list /home/german/Development/VKastFM/app/build/intermediates/multi-dex/debug/maindexlist.txt --output /home/german/Development/VKastFM/app/build/intermediates/dex/debug /home/german/Development/VKastFM/app/build/intermediates/multi-dex/debug/allclasses.jar
java_class_path (initial): /home/german/Android/Sdk/build-tools/23.0.2/lib/dx.jar
Launcher Type: SUN_STANDARD

Environment Variables:
PATH=/usr/local/sbin:/usr/local/bin:/usr/sbin:/usr/bin:/sbin:/bin:/usr/games:/usr/local/games
LD_LIBRARY_PATH=/home/german/android-studio/bin:
SHELL=/bin/bash
DISPLAY=:0

Signal Handlers:
SIGSEGV: [libjvm.so+0xaba2a0], sa_mask[0]=11111111011111111101111111111110, sa_flags=SA_RESTART|SA_SIGINFO
SIGBUS: [libjvm.so+0xaba2a0], sa_mask[0]=11111111011111111101111111111110, sa_flags=SA_RESTART|SA_SIGINFO
SIGFPE: [libjvm.so+0x917710], sa_mask[0]=11111111011111111101111111111110, sa_flags=SA_RESTART|SA_SIGINFO
SIGPIPE: [libjvm.so+0x917710], sa_mask[0]=11111111011111111101111111111110, sa_flags=SA_RESTART|SA_SIGINFO
SIGXFSZ: [libjvm.so+0x917710], sa_mask[0]=11111111011111111101111111111110, sa_flags=SA_RESTART|SA_SIGINFO
SIGILL: [libjvm.so+0x917710], sa_mask[0]=11111111011111111101111111111110, sa_flags=SA_RESTART|SA_SIGINFO
SIGUSR1: SIG_DFL, sa_mask[0]=00000000000000000000000000000000, sa_flags=none
SIGUSR2: [libjvm.so+0x918d40], sa_mask[0]=00100000000000000000000000000000, sa_flags=SA_RESTART|SA_SIGINFO
SIGHUP: [libjvm.so+0x91a140], sa_mask[0]=11111111011111111101111111111110, sa_flags=SA_RESTART|SA_SIGINFO
SIGINT: [libjvm.so+0x91a140], sa_mask[0]=11111111011111111101111111111110, sa_flags=SA_RESTART|SA_SIGINFO
SIGTERM: [libjvm.so+0x91a140], sa_mask[0]=11111111011111111101111111111110, sa_flags=SA_RESTART|SA_SIGINFO
SIGQUIT: [libjvm.so+0x91a140], sa_mask[0]=11111111011111111101111111111110, sa_flags=SA_RESTART|SA_SIGINFO


---------------  S Y S T E M  ---------------

OS:DISTRIB_ID=Ubuntu
DISTRIB_RELEASE=14.04
DISTRIB_CODENAME=trusty
DISTRIB_DESCRIPTION="Ubuntu 14.04.3 LTS"

uname:Linux 3.19.0-42-generic #48~14.04.1-Ubuntu SMP Fri Dec 18 10:24:49 UTC 2015 x86_64
libc:glibc 2.19 NPTL 2.19 
rlimit: STACK 8192k, CORE 0k, NPROC 14532, NOFILE 4096, AS infinity
load average:1,29 1,12 0,95

/proc/meminfo:
MemTotal:        3741648 kB
MemFree:          107852 kB
MemAvailable:      66980 kB
Buffers:            1856 kB
Cached:           206644 kB
SwapCached:        10068 kB
Active:          2649868 kB
Inactive:         796888 kB
Active(anon):    2623608 kB
Inactive(anon):   773428 kB
Active(file):      26260 kB
Inactive(file):    23460 kB
Unevictable:          96 kB
Mlocked:              96 kB
SwapTotal:       1892348 kB
SwapFree:              4 kB
Dirty:               220 kB
Writeback:             0 kB
AnonPages:       3232308 kB
Mapped:           119388 kB
Shmem:            157168 kB
Slab:              76344 kB
SReclaimable:      37464 kB
SUnreclaim:        38880 kB
KernelStack:       11648 kB
PageTables:        55712 kB
NFS_Unstable:          0 kB
Bounce:                0 kB
WritebackTmp:          0 kB
CommitLimit:     3763172 kB
Committed_AS:   10681196 kB
VmallocTotal:   34359738367 kB
VmallocUsed:      350968 kB
VmallocChunk:   34359295096 kB
HardwareCorrupted:     0 kB
AnonHugePages:    559104 kB
CmaTotal:              0 kB
CmaFree:               0 kB
HugePages_Total:       0
HugePages_Free:        0
HugePages_Rsvd:        0
HugePages_Surp:        0
Hugepagesize:       2048 kB
DirectMap4k:      170024 kB
DirectMap2M:     3715072 kB


CPU:total 4 (2 cores per cpu, 2 threads per core) family 6 model 58 stepping 9, cmov, cx8, fxsr, mmx, sse, sse2, sse3, ssse3, sse4.1, sse4.2, popcnt, avx, aes, clmul, erms, ht, tsc, tscinvbit, tscinv

/proc/cpuinfo:
processor	: 0
vendor_id	: GenuineIntel
cpu family	: 6
model		: 58
model name	: Intel(R) Core(TM) i5-3210M CPU @ 2.50GHz
stepping	: 9
microcode	: 0x1b
cpu MHz		: 2900.000
cache size	: 3072 KB
physical id	: 0
siblings	: 4
core id		: 0
cpu cores	: 2
apicid		: 0
initial apicid	: 0
fpu		: yes
fpu_exception	: yes
cpuid level	: 13
wp		: yes
flags		: fpu vme de pse tsc msr pae mce cx8 apic sep mtrr pge mca cmov pat pse36 clflush dts acpi mmx fxsr sse sse2 ss ht tm pbe syscall nx rdtscp lm constant_tsc arch_perfmon pebs bts rep_good nopl xtopology nonstop_tsc aperfmperf eagerfpu pni pclmulqdq dtes64 monitor ds_cpl vmx est tm2 ssse3 cx16 xtpr pdcm pcid sse4_1 sse4_2 x2apic popcnt tsc_deadline_timer aes xsave avx f16c rdrand lahf_lm ida arat epb pln pts dtherm tpr_shadow vnmi flexpriority ept vpid fsgsbase smep erms xsaveopt
bugs		:
bogomips	: 4988.82
clflush size	: 64
cache_alignment	: 64
address sizes	: 36 bits physical, 48 bits virtual
power management:

processor	: 1
vendor_id	: GenuineIntel
cpu family	: 6
model		: 58
model name	: Intel(R) Core(TM) i5-3210M CPU @ 2.50GHz
stepping	: 9
microcode	: 0x1b
cpu MHz		: 2924.023
cache size	: 3072 KB
physical id	: 0
siblings	: 4
core id		: 0
cpu cores	: 2
apicid		: 1
initial apicid	: 1
fpu		: yes
fpu_exception	: yes
cpuid level	: 13
wp		: yes
flags		: fpu vme de pse tsc msr pae mce cx8 apic sep mtrr pge mca cmov pat pse36 clflush dts acpi mmx fxsr sse sse2 ss ht tm pbe syscall nx rdtscp lm constant_tsc arch_perfmon pebs bts rep_good nopl xtopology nonstop_tsc aperfmperf eagerfpu pni pclmulqdq dtes64 monitor ds_cpl vmx est tm2 ssse3 cx16 xtpr pdcm pcid sse4_1 sse4_2 x2apic popcnt tsc_deadline_timer aes xsave avx f16c rdrand lahf_lm ida arat epb pln pts dtherm tpr_shadow vnmi flexpriority ept vpid fsgsbase smep erms xsaveopt
bugs		:
bogomips	: 4988.82
clflush size	: 64
cache_alignment	: 64
address sizes	: 36 bits physical, 48 bits virtual
power management:

processor	: 2
vendor_id	: GenuineIntel
cpu family	: 6
model		: 58
model name	: Intel(R) Core(TM) i5-3210M CPU @ 2.50GHz
stepping	: 9
microcode	: 0x1b
cpu MHz		: 2973.828
cache size	: 3072 KB
physical id	: 0
siblings	: 4
core id		: 1
cpu cores	: 2
apicid		: 2
initial apicid	: 2
fpu		: yes
fpu_exception	: yes
cpuid level	: 13
wp		: yes
flags		: fpu vme de pse tsc msr pae mce cx8 apic sep mtrr pge mca cmov pat pse36 clflush dts acpi mmx fxsr sse sse2 ss ht tm pbe syscall nx rdtscp lm constant_tsc arch_perfmon pebs bts rep_good nopl xtopology nonstop_tsc aperfmperf eagerfpu pni pclmulqdq dtes64 monitor ds_cpl vmx est tm2 ssse3 cx16 xtpr pdcm pcid sse4_1 sse4_2 x2apic popcnt tsc_deadline_timer aes xsave avx f16c rdrand lahf_lm ida arat epb pln pts dtherm tpr_shadow vnmi flexpriority ept vpid fsgsbase smep erms xsaveopt
bugs		:
bogomips	: 4988.82
clflush size	: 64
cache_alignment	: 64
address sizes	: 36 bits physical, 48 bits virtual
power management:

processor	: 3
vendor_id	: GenuineIntel
cpu family	: 6
model		: 58
model name	: Intel(R) Core(TM) i5-3210M CPU @ 2.50GHz
stepping	: 9
microcode	: 0x1b
cpu MHz		: 2902.441
cache size	: 3072 KB
physical id	: 0
siblings	: 4
core id		: 1
cpu cores	: 2
apicid		: 3
initial apicid	: 3
fpu		: yes
fpu_exception	: yes
cpuid level	: 13
wp		: yes
flags		: fpu vme de pse tsc msr pae mce cx8 apic sep mtrr pge mca cmov pat pse36 clflush dts acpi mmx fxsr sse sse2 ss ht tm pbe syscall nx rdtscp lm constant_tsc arch_perfmon pebs bts rep_good nopl xtopology nonstop_tsc aperfmperf eagerfpu pni pclmulqdq dtes64 monitor ds_cpl vmx est tm2 ssse3 cx16 xtpr pdcm pcid sse4_1 sse4_2 x2apic popcnt tsc_deadline_timer aes xsave avx f16c rdrand lahf_lm ida arat epb pln pts dtherm tpr_shadow vnmi flexpriority ept vpid fsgsbase smep erms xsaveopt
bugs		:
bogomips	: 4988.82
clflush size	: 64
cache_alignment	: 64
address sizes	: 36 bits physical, 48 bits virtual
power management:



Memory: 4k page, physical 3741648k(107852k free), swap 1892348k(4k free)

vm_info: Java HotSpot(TM) 64-Bit Server VM (25.66-b17) for linux-amd64 JRE (1.8.0_66-b17), built on Oct  6 2015 17:28:34 by "java_re" with gcc 4.3.0 20080428 (Red Hat 4.3.0-8)

time: Sat Apr  9 03:55:00 2016
elapsed time: 7 seconds (0d 0h 0m 7s)

